<?xml version="1.0" encoding="utf-8"?>
<CoverageSession xmlns:xsd="http://www.w3.org/2001/XMLSchema" xmlns:xsi="http://www.w3.org/2001/XMLSchema-instance" Version="4.6.0.0">
  <Summary numSequencePoints="220" visitedSequencePoints="192" numBranchPoints="55" visitedBranchPoints="47" sequenceCoverage="87.27" branchCoverage="85.45" maxCyclomaticComplexity="5" minCyclomaticComplexity="1" maxCrapScore="9.16" minCrapScore="1" visitedClasses="6" numClasses="6" visitedMethods="39" numMethods="39" />
  <Modules>
    <Module hash="C9-AC-66-35-00-A5-C8-77-B1-E3-8D-66-F7-5E-09-94-1B-0C-0D-C3">
      <Summary numSequencePoints="123" visitedSequencePoints="117" numBranchPoints="28" visitedBranchPoints="25" sequenceCoverage="95.12" branchCoverage="89.29" maxCyclomaticComplexity="2" minCyclomaticComplexity="1" maxCrapScore="2.11" minCrapScore="1" visitedClasses="3" numClasses="3" visitedMethods="22" numMethods="22" />
      <ModulePath>D:\OneDrive\Документы\GitHub\NoteApp\NoteAppUI\NoteApp.UnitTests\bin\Debug\NoteApp.UnitTests.dll</ModulePath>
      <ModuleTime>2019-01-17T12:20:18.0245734Z</ModuleTime>
      <ModuleName>NoteApp.UnitTests</ModuleName>
      <Files>
        <File uid="1" fullPath="D:\OneDrive\Документы\GitHub\NoteApp\NoteAppUI\NoteApp.UnitTests\NoteTest.cs" />
        <File uid="2" fullPath="D:\OneDrive\Документы\GitHub\NoteApp\NoteAppUI\NoteApp.UnitTests\ProjectDataManagerTest.cs" />
        <File uid="3" fullPath="D:\OneDrive\Документы\GitHub\NoteApp\NoteAppUI\NoteApp.UnitTests\ProjectDataTest.cs" />
      </Files>
      <Classes>
        <Class>
          <Summary numSequencePoints="65" visitedSequencePoints="65" numBranchPoints="14" visitedBranchPoints="14" sequenceCoverage="100" branchCoverage="100" maxCyclomaticComplexity="1" minCyclomaticComplexity="1" maxCrapScore="2" minCrapScore="1" visitedClasses="1" numClasses="1" visitedMethods="14" numMethods="14" />
          <FullName>NoteApp.UnitTests.NoteTest</FullName>
          <Methods>
            <Method visited="true" cyclomaticComplexity="1" nPathComplexity="0" sequenceCoverage="100" branchCoverage="100" crapScore="1" isConstructor="false" isStatic="false" isGetter="false" isSetter="false">
              <Summary numSequencePoints="3" visitedSequencePoints="3" numBranchPoints="1" visitedBranchPoints="1" sequenceCoverage="100" branchCoverage="100" maxCyclomaticComplexity="1" minCyclomaticComplexity="1" maxCrapScore="1" minCrapScore="1" visitedClasses="0" numClasses="0" visitedMethods="1" numMethods="1" />
              <MetadataToken>100663297</MetadataToken>
              <Name>System.Void NoteApp.UnitTests.NoteTest::InitNote()</Name>
              <FileRef uid="1" />
              <SequencePoints>
                <SequencePoint vc="10" uspid="1" ordinal="0" offset="0" sl="17" sc="9" el="17" ec="10" bec="0" bev="0" fileid="1" />
                <SequencePoint vc="10" uspid="2" ordinal="1" offset="1" sl="18" sc="13" el="18" ec="85" bec="0" bev="0" fileid="1" />
                <SequencePoint vc="10" uspid="3" ordinal="2" offset="23" sl="19" sc="9" el="19" ec="10" bec="0" bev="0" fileid="1" />
              </SequencePoints>
              <BranchPoints />
              <MethodPoint xsi:type="SequencePoint" vc="10" uspid="1" ordinal="0" offset="0" sl="17" sc="9" el="17" ec="10" bec="0" bev="0" fileid="1" />
            </Method>
            <Method visited="true" cyclomaticComplexity="1" nPathComplexity="0" sequenceCoverage="100" branchCoverage="100" crapScore="1" isConstructor="false" isStatic="false" isGetter="false" isSetter="false">
              <Summary numSequencePoints="5" visitedSequencePoints="5" numBranchPoints="1" visitedBranchPoints="1" sequenceCoverage="100" branchCoverage="100" maxCyclomaticComplexity="1" minCyclomaticComplexity="1" maxCrapScore="1" minCrapScore="1" visitedClasses="0" numClasses="0" visitedMethods="1" numMethods="1" />
              <MetadataToken>100663298</MetadataToken>
              <Name>System.Void NoteApp.UnitTests.NoteTest::TestNoteConstructor(System.String,System.String,NoteCategory)</Name>
              <FileRef uid="1" />
              <SequencePoints>
                <SequencePoint vc="1" uspid="4" ordinal="0" offset="0" sl="23" sc="9" el="23" ec="10" bec="0" bev="0" fileid="1">
                  <TrackedMethodRefs>
                    <TrackedMethodRef uid="1" vc="1" />
                  </TrackedMethodRefs>
                </SequencePoint>
                <SequencePoint vc="1" uspid="5" ordinal="1" offset="1" sl="24" sc="13" el="24" ec="55" bec="0" bev="0" fileid="1">
                  <TrackedMethodRefs>
                    <TrackedMethodRef uid="1" vc="1" />
                  </TrackedMethodRefs>
                </SequencePoint>
                <SequencePoint vc="1" uspid="6" ordinal="2" offset="19" sl="25" sc="13" el="25" ec="61" bec="0" bev="0" fileid="1">
                  <TrackedMethodRefs>
                    <TrackedMethodRef uid="1" vc="1" />
                  </TrackedMethodRefs>
                </SequencePoint>
                <SequencePoint vc="1" uspid="7" ordinal="3" offset="37" sl="26" sc="13" el="26" ec="63" bec="0" bev="0" fileid="1">
                  <TrackedMethodRefs>
                    <TrackedMethodRef uid="1" vc="1" />
                  </TrackedMethodRefs>
                </SequencePoint>
                <SequencePoint vc="1" uspid="8" ordinal="4" offset="65" sl="27" sc="9" el="27" ec="10" bec="0" bev="0" fileid="1">
                  <TrackedMethodRefs>
                    <TrackedMethodRef uid="1" vc="1" />
                  </TrackedMethodRefs>
                </SequencePoint>
              </SequencePoints>
              <BranchPoints />
              <MethodPoint xsi:type="SequencePoint" vc="1" uspid="4" ordinal="0" offset="0" sl="23" sc="9" el="23" ec="10" bec="0" bev="0" fileid="1">
                <TrackedMethodRefs>
                  <TrackedMethodRef uid="1" vc="1" />
                </TrackedMethodRefs>
              </MethodPoint>
            </Method>
            <Method visited="true" cyclomaticComplexity="1" nPathComplexity="0" sequenceCoverage="100" branchCoverage="100" crapScore="1" isConstructor="false" isStatic="false" isGetter="false" isSetter="false">
              <Summary numSequencePoints="6" visitedSequencePoints="6" numBranchPoints="1" visitedBranchPoints="1" sequenceCoverage="100" branchCoverage="100" maxCyclomaticComplexity="1" minCyclomaticComplexity="1" maxCrapScore="1" minCrapScore="1" visitedClasses="0" numClasses="0" visitedMethods="1" numMethods="1" />
              <MetadataToken>100663299</MetadataToken>
              <Name>System.Void NoteApp.UnitTests.NoteTest::TestNameGet_CorrectValue()</Name>
              <FileRef uid="1" />
              <SequencePoints>
                <SequencePoint vc="1" uspid="9" ordinal="0" offset="0" sl="31" sc="9" el="31" ec="10" bec="0" bev="0" fileid="1">
                  <TrackedMethodRefs>
                    <TrackedMethodRef uid="2" vc="1" />
                  </TrackedMethodRefs>
                </SequencePoint>
                <SequencePoint vc="1" uspid="10" ordinal="1" offset="1" sl="32" sc="13" el="32" ec="37" bec="0" bev="0" fileid="1">
                  <TrackedMethodRefs>
                    <TrackedMethodRef uid="2" vc="1" />
                  </TrackedMethodRefs>
                </SequencePoint>
                <SequencePoint vc="1" uspid="11" ordinal="2" offset="7" sl="33" sc="13" el="33" ec="35" bec="0" bev="0" fileid="1">
                  <TrackedMethodRefs>
                    <TrackedMethodRef uid="2" vc="1" />
                  </TrackedMethodRefs>
                </SequencePoint>
                <SequencePoint vc="1" uspid="12" ordinal="3" offset="20" sl="34" sc="13" el="34" ec="37" bec="0" bev="0" fileid="1">
                  <TrackedMethodRefs>
                    <TrackedMethodRef uid="2" vc="1" />
                  </TrackedMethodRefs>
                </SequencePoint>
                <SequencePoint vc="1" uspid="13" ordinal="4" offset="32" sl="36" sc="13" el="36" ec="90" bec="0" bev="0" fileid="1">
                  <TrackedMethodRefs>
                    <TrackedMethodRef uid="2" vc="1" />
                  </TrackedMethodRefs>
                </SequencePoint>
                <SequencePoint vc="1" uspid="14" ordinal="5" offset="50" sl="37" sc="9" el="37" ec="10" bec="0" bev="0" fileid="1">
                  <TrackedMethodRefs>
                    <TrackedMethodRef uid="2" vc="1" />
                  </TrackedMethodRefs>
                </SequencePoint>
              </SequencePoints>
              <BranchPoints />
              <MethodPoint xsi:type="SequencePoint" vc="1" uspid="9" ordinal="0" offset="0" sl="31" sc="9" el="31" ec="10" bec="0" bev="0" fileid="1">
                <TrackedMethodRefs>
                  <TrackedMethodRef uid="2" vc="1" />
                </TrackedMethodRefs>
              </MethodPoint>
            </Method>
            <Method visited="true" cyclomaticComplexity="1" nPathComplexity="0" sequenceCoverage="100" branchCoverage="100" crapScore="1" isConstructor="false" isStatic="false" isGetter="false" isSetter="false">
              <Summary numSequencePoints="6" visitedSequencePoints="6" numBranchPoints="1" visitedBranchPoints="1" sequenceCoverage="100" branchCoverage="100" maxCyclomaticComplexity="1" minCyclomaticComplexity="1" maxCrapScore="1" minCrapScore="1" visitedClasses="0" numClasses="0" visitedMethods="1" numMethods="1" />
              <MetadataToken>100663300</MetadataToken>
              <Name>System.Void NoteApp.UnitTests.NoteTest::TestContentGet_CorrectValue()</Name>
              <FileRef uid="1" />
              <SequencePoints>
                <SequencePoint vc="1" uspid="15" ordinal="0" offset="0" sl="41" sc="9" el="41" ec="10" bec="0" bev="0" fileid="1">
                  <TrackedMethodRefs>
                    <TrackedMethodRef uid="3" vc="1" />
                  </TrackedMethodRefs>
                </SequencePoint>
                <SequencePoint vc="1" uspid="16" ordinal="1" offset="1" sl="43" sc="13" el="43" ec="46" bec="0" bev="0" fileid="1">
                  <TrackedMethodRefs>
                    <TrackedMethodRef uid="3" vc="1" />
                  </TrackedMethodRefs>
                </SequencePoint>
                <SequencePoint vc="1" uspid="17" ordinal="2" offset="7" sl="46" sc="13" el="46" ec="38" bec="0" bev="0" fileid="1">
                  <TrackedMethodRefs>
                    <TrackedMethodRef uid="3" vc="1" />
                  </TrackedMethodRefs>
                </SequencePoint>
                <SequencePoint vc="1" uspid="18" ordinal="3" offset="20" sl="49" sc="13" el="49" ec="40" bec="0" bev="0" fileid="1">
                  <TrackedMethodRefs>
                    <TrackedMethodRef uid="3" vc="1" />
                  </TrackedMethodRefs>
                </SequencePoint>
                <SequencePoint vc="1" uspid="19" ordinal="4" offset="32" sl="55" sc="13" el="55" ec="100" bec="0" bev="0" fileid="1">
                  <TrackedMethodRefs>
                    <TrackedMethodRef uid="3" vc="1" />
                  </TrackedMethodRefs>
                </SequencePoint>
                <SequencePoint vc="1" uspid="20" ordinal="5" offset="50" sl="56" sc="9" el="56" ec="10" bec="0" bev="0" fileid="1">
                  <TrackedMethodRefs>
                    <TrackedMethodRef uid="3" vc="1" />
                  </TrackedMethodRefs>
                </SequencePoint>
              </SequencePoints>
              <BranchPoints />
              <MethodPoint xsi:type="SequencePoint" vc="1" uspid="15" ordinal="0" offset="0" sl="41" sc="9" el="41" ec="10" bec="0" bev="0" fileid="1">
                <TrackedMethodRefs>
                  <TrackedMethodRef uid="3" vc="1" />
                </TrackedMethodRefs>
              </MethodPoint>
            </Method>
            <Method visited="true" cyclomaticComplexity="1" nPathComplexity="0" sequenceCoverage="100" branchCoverage="100" crapScore="1" isConstructor="false" isStatic="false" isGetter="false" isSetter="false">
              <Summary numSequencePoints="6" visitedSequencePoints="6" numBranchPoints="1" visitedBranchPoints="1" sequenceCoverage="100" branchCoverage="100" maxCyclomaticComplexity="1" minCyclomaticComplexity="1" maxCrapScore="1" minCrapScore="1" visitedClasses="0" numClasses="0" visitedMethods="1" numMethods="1" />
              <MetadataToken>100663301</MetadataToken>
              <Name>System.Void NoteApp.UnitTests.NoteTest::TestCategoryGet_CorrectValue()</Name>
              <FileRef uid="1" />
              <SequencePoints>
                <SequencePoint vc="1" uspid="21" ordinal="0" offset="0" sl="60" sc="9" el="60" ec="10" bec="0" bev="0" fileid="1">
                  <TrackedMethodRefs>
                    <TrackedMethodRef uid="4" vc="1" />
                  </TrackedMethodRefs>
                </SequencePoint>
                <SequencePoint vc="1" uspid="22" ordinal="1" offset="1" sl="61" sc="13" el="61" ec="47" bec="0" bev="0" fileid="1">
                  <TrackedMethodRefs>
                    <TrackedMethodRef uid="4" vc="1" />
                  </TrackedMethodRefs>
                </SequencePoint>
                <SequencePoint vc="1" uspid="23" ordinal="2" offset="3" sl="62" sc="13" el="62" ec="39" bec="0" bev="0" fileid="1">
                  <TrackedMethodRefs>
                    <TrackedMethodRef uid="4" vc="1" />
                  </TrackedMethodRefs>
                </SequencePoint>
                <SequencePoint vc="1" uspid="24" ordinal="3" offset="16" sl="64" sc="13" el="64" ec="41" bec="0" bev="0" fileid="1">
                  <TrackedMethodRefs>
                    <TrackedMethodRef uid="4" vc="1" />
                  </TrackedMethodRefs>
                </SequencePoint>
                <SequencePoint vc="1" uspid="25" ordinal="4" offset="28" sl="66" sc="13" el="66" ec="100" bec="0" bev="0" fileid="1">
                  <TrackedMethodRefs>
                    <TrackedMethodRef uid="4" vc="1" />
                  </TrackedMethodRefs>
                </SequencePoint>
                <SequencePoint vc="1" uspid="26" ordinal="5" offset="56" sl="67" sc="9" el="67" ec="10" bec="0" bev="0" fileid="1">
                  <TrackedMethodRefs>
                    <TrackedMethodRef uid="4" vc="1" />
                  </TrackedMethodRefs>
                </SequencePoint>
              </SequencePoints>
              <BranchPoints />
              <MethodPoint xsi:type="SequencePoint" vc="1" uspid="21" ordinal="0" offset="0" sl="60" sc="9" el="60" ec="10" bec="0" bev="0" fileid="1">
                <TrackedMethodRefs>
                  <TrackedMethodRef uid="4" vc="1" />
                </TrackedMethodRefs>
              </MethodPoint>
            </Method>
            <Method visited="true" cyclomaticComplexity="1" nPathComplexity="0" sequenceCoverage="100" branchCoverage="100" crapScore="1" isConstructor="false" isStatic="false" isGetter="false" isSetter="false">
              <Summary numSequencePoints="3" visitedSequencePoints="3" numBranchPoints="1" visitedBranchPoints="1" sequenceCoverage="100" branchCoverage="100" maxCyclomaticComplexity="1" minCyclomaticComplexity="1" maxCrapScore="1" minCrapScore="1" visitedClasses="0" numClasses="0" visitedMethods="1" numMethods="1" />
              <MetadataToken>100663302</MetadataToken>
              <Name>System.Void NoteApp.UnitTests.NoteTest::TestCategorySet_CorrectValue()</Name>
              <FileRef uid="1" />
              <SequencePoints>
                <SequencePoint vc="1" uspid="27" ordinal="0" offset="0" sl="71" sc="9" el="71" ec="10" bec="0" bev="0" fileid="1">
                  <TrackedMethodRefs>
                    <TrackedMethodRef uid="5" vc="1" />
                  </TrackedMethodRefs>
                </SequencePoint>
                <SequencePoint vc="1" uspid="28" ordinal="1" offset="1" sl="72" sc="13" el="75" ec="15" bec="0" bev="0" fileid="1">
                  <TrackedMethodRefs>
                    <TrackedMethodRef uid="5" vc="1" />
                  </TrackedMethodRefs>
                </SequencePoint>
                <SequencePoint vc="1" uspid="29" ordinal="2" offset="29" sl="76" sc="9" el="76" ec="10" bec="0" bev="0" fileid="1">
                  <TrackedMethodRefs>
                    <TrackedMethodRef uid="5" vc="1" />
                  </TrackedMethodRefs>
                </SequencePoint>
              </SequencePoints>
              <BranchPoints />
              <MethodPoint xsi:type="SequencePoint" vc="1" uspid="27" ordinal="0" offset="0" sl="71" sc="9" el="71" ec="10" bec="0" bev="0" fileid="1">
                <TrackedMethodRefs>
                  <TrackedMethodRef uid="5" vc="1" />
                </TrackedMethodRefs>
              </MethodPoint>
            </Method>
            <Method visited="true" cyclomaticComplexity="1" nPathComplexity="0" sequenceCoverage="100" branchCoverage="100" crapScore="1" isConstructor="false" isStatic="false" isGetter="false" isSetter="false">
              <Summary numSequencePoints="6" visitedSequencePoints="6" numBranchPoints="1" visitedBranchPoints="1" sequenceCoverage="100" branchCoverage="100" maxCyclomaticComplexity="1" minCyclomaticComplexity="1" maxCrapScore="1" minCrapScore="1" visitedClasses="0" numClasses="0" visitedMethods="1" numMethods="1" />
              <MetadataToken>100663303</MetadataToken>
              <Name>System.Void NoteApp.UnitTests.NoteTest::TestDateOfCreationGet_CorrectValue()</Name>
              <FileRef uid="1" />
              <SequencePoints>
                <SequencePoint vc="1" uspid="30" ordinal="0" offset="0" sl="80" sc="9" el="80" ec="10" bec="0" bev="0" fileid="1">
                  <TrackedMethodRefs>
                    <TrackedMethodRef uid="6" vc="1" />
                  </TrackedMethodRefs>
                </SequencePoint>
                <SequencePoint vc="1" uspid="31" ordinal="1" offset="1" sl="81" sc="13" el="81" ec="41" bec="0" bev="0" fileid="1">
                  <TrackedMethodRefs>
                    <TrackedMethodRef uid="6" vc="1" />
                  </TrackedMethodRefs>
                </SequencePoint>
                <SequencePoint vc="1" uspid="32" ordinal="2" offset="7" sl="82" sc="13" el="82" ec="45" bec="0" bev="0" fileid="1">
                  <TrackedMethodRefs>
                    <TrackedMethodRef uid="6" vc="1" />
                  </TrackedMethodRefs>
                </SequencePoint>
                <SequencePoint vc="1" uspid="33" ordinal="3" offset="20" sl="84" sc="13" el="84" ec="47" bec="0" bev="0" fileid="1">
                  <TrackedMethodRefs>
                    <TrackedMethodRef uid="6" vc="1" />
                  </TrackedMethodRefs>
                </SequencePoint>
                <SequencePoint vc="1" uspid="34" ordinal="4" offset="32" sl="86" sc="13" el="86" ec="102" bec="0" bev="0" fileid="1">
                  <TrackedMethodRefs>
                    <TrackedMethodRef uid="6" vc="1" />
                  </TrackedMethodRefs>
                </SequencePoint>
                <SequencePoint vc="1" uspid="35" ordinal="5" offset="60" sl="87" sc="9" el="87" ec="10" bec="0" bev="0" fileid="1">
                  <TrackedMethodRefs>
                    <TrackedMethodRef uid="6" vc="1" />
                  </TrackedMethodRefs>
                </SequencePoint>
              </SequencePoints>
              <BranchPoints />
              <MethodPoint xsi:type="SequencePoint" vc="1" uspid="30" ordinal="0" offset="0" sl="80" sc="9" el="80" ec="10" bec="0" bev="0" fileid="1">
                <TrackedMethodRefs>
                  <TrackedMethodRef uid="6" vc="1" />
                </TrackedMethodRefs>
              </MethodPoint>
            </Method>
            <Method visited="true" cyclomaticComplexity="1" nPathComplexity="0" sequenceCoverage="100" branchCoverage="100" crapScore="1" isConstructor="false" isStatic="false" isGetter="false" isSetter="false">
              <Summary numSequencePoints="3" visitedSequencePoints="3" numBranchPoints="1" visitedBranchPoints="1" sequenceCoverage="100" branchCoverage="100" maxCyclomaticComplexity="1" minCyclomaticComplexity="1" maxCrapScore="1" minCrapScore="1" visitedClasses="0" numClasses="0" visitedMethods="1" numMethods="1" />
              <MetadataToken>100663304</MetadataToken>
              <Name>System.Void NoteApp.UnitTests.NoteTest::TestDateOfCreationSet_CorrectValue()</Name>
              <FileRef uid="1" />
              <SequencePoints>
                <SequencePoint vc="1" uspid="36" ordinal="0" offset="0" sl="91" sc="9" el="91" ec="10" bec="0" bev="0" fileid="1">
                  <TrackedMethodRefs>
                    <TrackedMethodRef uid="7" vc="1" />
                  </TrackedMethodRefs>
                </SequencePoint>
                <SequencePoint vc="1" uspid="37" ordinal="1" offset="1" sl="92" sc="13" el="95" ec="15" bec="0" bev="0" fileid="1">
                  <TrackedMethodRefs>
                    <TrackedMethodRef uid="7" vc="1" />
                  </TrackedMethodRefs>
                </SequencePoint>
                <SequencePoint vc="1" uspid="38" ordinal="2" offset="29" sl="96" sc="9" el="96" ec="10" bec="0" bev="0" fileid="1">
                  <TrackedMethodRefs>
                    <TrackedMethodRef uid="7" vc="1" />
                  </TrackedMethodRefs>
                </SequencePoint>
              </SequencePoints>
              <BranchPoints />
              <MethodPoint xsi:type="SequencePoint" vc="1" uspid="36" ordinal="0" offset="0" sl="91" sc="9" el="91" ec="10" bec="0" bev="0" fileid="1">
                <TrackedMethodRefs>
                  <TrackedMethodRef uid="7" vc="1" />
                </TrackedMethodRefs>
              </MethodPoint>
            </Method>
            <Method visited="true" cyclomaticComplexity="1" nPathComplexity="0" sequenceCoverage="100" branchCoverage="100" crapScore="1" isConstructor="false" isStatic="false" isGetter="false" isSetter="false">
              <Summary numSequencePoints="6" visitedSequencePoints="6" numBranchPoints="1" visitedBranchPoints="1" sequenceCoverage="100" branchCoverage="100" maxCyclomaticComplexity="1" minCyclomaticComplexity="1" maxCrapScore="1" minCrapScore="1" visitedClasses="0" numClasses="0" visitedMethods="1" numMethods="1" />
              <MetadataToken>100663305</MetadataToken>
              <Name>System.Void NoteApp.UnitTests.NoteTest::TestDateOfLastEditGet_CorrectValue()</Name>
              <FileRef uid="1" />
              <SequencePoints>
                <SequencePoint vc="1" uspid="39" ordinal="0" offset="0" sl="100" sc="9" el="100" ec="10" bec="0" bev="0" fileid="1">
                  <TrackedMethodRefs>
                    <TrackedMethodRef uid="8" vc="1" />
                  </TrackedMethodRefs>
                </SequencePoint>
                <SequencePoint vc="1" uspid="40" ordinal="1" offset="1" sl="101" sc="13" el="101" ec="41" bec="0" bev="0" fileid="1">
                  <TrackedMethodRefs>
                    <TrackedMethodRef uid="8" vc="1" />
                  </TrackedMethodRefs>
                </SequencePoint>
                <SequencePoint vc="1" uspid="41" ordinal="2" offset="7" sl="102" sc="13" el="102" ec="45" bec="0" bev="0" fileid="1">
                  <TrackedMethodRefs>
                    <TrackedMethodRef uid="8" vc="1" />
                  </TrackedMethodRefs>
                </SequencePoint>
                <SequencePoint vc="1" uspid="42" ordinal="3" offset="20" sl="104" sc="13" el="104" ec="47" bec="0" bev="0" fileid="1">
                  <TrackedMethodRefs>
                    <TrackedMethodRef uid="8" vc="1" />
                  </TrackedMethodRefs>
                </SequencePoint>
                <SequencePoint vc="1" uspid="43" ordinal="4" offset="32" sl="106" sc="13" el="106" ec="102" bec="0" bev="0" fileid="1">
                  <TrackedMethodRefs>
                    <TrackedMethodRef uid="8" vc="1" />
                  </TrackedMethodRefs>
                </SequencePoint>
                <SequencePoint vc="1" uspid="44" ordinal="5" offset="60" sl="107" sc="9" el="107" ec="10" bec="0" bev="0" fileid="1">
                  <TrackedMethodRefs>
                    <TrackedMethodRef uid="8" vc="1" />
                  </TrackedMethodRefs>
                </SequencePoint>
              </SequencePoints>
              <BranchPoints />
              <MethodPoint xsi:type="SequencePoint" vc="1" uspid="39" ordinal="0" offset="0" sl="100" sc="9" el="100" ec="10" bec="0" bev="0" fileid="1">
                <TrackedMethodRefs>
                  <TrackedMethodRef uid="8" vc="1" />
                </TrackedMethodRefs>
              </MethodPoint>
            </Method>
            <Method visited="true" cyclomaticComplexity="1" nPathComplexity="0" sequenceCoverage="100" branchCoverage="100" crapScore="1" isConstructor="false" isStatic="false" isGetter="false" isSetter="false">
              <Summary numSequencePoints="3" visitedSequencePoints="3" numBranchPoints="1" visitedBranchPoints="1" sequenceCoverage="100" branchCoverage="100" maxCyclomaticComplexity="1" minCyclomaticComplexity="1" maxCrapScore="1" minCrapScore="1" visitedClasses="0" numClasses="0" visitedMethods="1" numMethods="1" />
              <MetadataToken>100663306</MetadataToken>
              <Name>System.Void NoteApp.UnitTests.NoteTest::TestDateOfLastEditSet_CorrectValue()</Name>
              <FileRef uid="1" />
              <SequencePoints>
                <SequencePoint vc="1" uspid="45" ordinal="0" offset="0" sl="111" sc="9" el="111" ec="10" bec="0" bev="0" fileid="1">
                  <TrackedMethodRefs>
                    <TrackedMethodRef uid="9" vc="1" />
                  </TrackedMethodRefs>
                </SequencePoint>
                <SequencePoint vc="1" uspid="46" ordinal="1" offset="1" sl="112" sc="13" el="115" ec="15" bec="0" bev="0" fileid="1">
                  <TrackedMethodRefs>
                    <TrackedMethodRef uid="9" vc="1" />
                  </TrackedMethodRefs>
                </SequencePoint>
                <SequencePoint vc="1" uspid="47" ordinal="2" offset="29" sl="116" sc="9" el="116" ec="10" bec="0" bev="0" fileid="1">
                  <TrackedMethodRefs>
                    <TrackedMethodRef uid="9" vc="1" />
                  </TrackedMethodRefs>
                </SequencePoint>
              </SequencePoints>
              <BranchPoints />
              <MethodPoint xsi:type="SequencePoint" vc="1" uspid="45" ordinal="0" offset="0" sl="111" sc="9" el="111" ec="10" bec="0" bev="0" fileid="1">
                <TrackedMethodRefs>
                  <TrackedMethodRef uid="9" vc="1" />
                </TrackedMethodRefs>
              </MethodPoint>
            </Method>
            <Method visited="true" cyclomaticComplexity="1" nPathComplexity="0" sequenceCoverage="100" branchCoverage="100" crapScore="1" isConstructor="false" isStatic="false" isGetter="false" isSetter="false">
              <Summary numSequencePoints="9" visitedSequencePoints="9" numBranchPoints="1" visitedBranchPoints="1" sequenceCoverage="100" branchCoverage="100" maxCyclomaticComplexity="1" minCyclomaticComplexity="1" maxCrapScore="1" minCrapScore="1" visitedClasses="0" numClasses="0" visitedMethods="1" numMethods="1" />
              <MetadataToken>100663307</MetadataToken>
              <Name>System.Void NoteApp.UnitTests.NoteTest::TestNoteClone()</Name>
              <FileRef uid="1" />
              <SequencePoints>
                <SequencePoint vc="1" uspid="48" ordinal="0" offset="0" sl="120" sc="9" el="120" ec="10" bec="0" bev="0" fileid="1">
                  <TrackedMethodRefs>
                    <TrackedMethodRef uid="10" vc="1" />
                  </TrackedMethodRefs>
                </SequencePoint>
                <SequencePoint vc="1" uspid="49" ordinal="1" offset="1" sl="121" sc="13" el="121" ec="34" bec="0" bev="0" fileid="1">
                  <TrackedMethodRefs>
                    <TrackedMethodRef uid="10" vc="1" />
                  </TrackedMethodRefs>
                </SequencePoint>
                <SequencePoint vc="1" uspid="50" ordinal="2" offset="8" sl="122" sc="13" el="122" ec="46" bec="0" bev="0" fileid="1">
                  <TrackedMethodRefs>
                    <TrackedMethodRef uid="10" vc="1" />
                  </TrackedMethodRefs>
                </SequencePoint>
                <SequencePoint vc="1" uspid="51" ordinal="3" offset="25" sl="124" sc="13" el="124" ec="57" bec="0" bev="0" fileid="1">
                  <TrackedMethodRefs>
                    <TrackedMethodRef uid="10" vc="1" />
                  </TrackedMethodRefs>
                </SequencePoint>
                <SequencePoint vc="1" uspid="52" ordinal="4" offset="43" sl="125" sc="13" el="125" ec="63" bec="0" bev="0" fileid="1">
                  <TrackedMethodRefs>
                    <TrackedMethodRef uid="10" vc="1" />
                  </TrackedMethodRefs>
                </SequencePoint>
                <SequencePoint vc="1" uspid="53" ordinal="5" offset="61" sl="126" sc="13" el="126" ec="65" bec="0" bev="0" fileid="1">
                  <TrackedMethodRefs>
                    <TrackedMethodRef uid="10" vc="1" />
                  </TrackedMethodRefs>
                </SequencePoint>
                <SequencePoint vc="1" uspid="54" ordinal="6" offset="89" sl="127" sc="13" el="127" ec="77" bec="0" bev="0" fileid="1">
                  <TrackedMethodRefs>
                    <TrackedMethodRef uid="10" vc="1" />
                  </TrackedMethodRefs>
                </SequencePoint>
                <SequencePoint vc="1" uspid="55" ordinal="7" offset="117" sl="128" sc="13" el="128" ec="77" bec="0" bev="0" fileid="1">
                  <TrackedMethodRefs>
                    <TrackedMethodRef uid="10" vc="1" />
                  </TrackedMethodRefs>
                </SequencePoint>
                <SequencePoint vc="1" uspid="56" ordinal="8" offset="145" sl="129" sc="9" el="129" ec="10" bec="0" bev="0" fileid="1">
                  <TrackedMethodRefs>
                    <TrackedMethodRef uid="10" vc="1" />
                  </TrackedMethodRefs>
                </SequencePoint>
              </SequencePoints>
              <BranchPoints />
              <MethodPoint xsi:type="SequencePoint" vc="1" uspid="48" ordinal="0" offset="0" sl="120" sc="9" el="120" ec="10" bec="0" bev="0" fileid="1">
                <TrackedMethodRefs>
                  <TrackedMethodRef uid="10" vc="1" />
                </TrackedMethodRefs>
              </MethodPoint>
            </Method>
            <Method visited="false" cyclomaticComplexity="1" nPathComplexity="0" sequenceCoverage="0" branchCoverage="0" crapScore="2" isConstructor="true" isStatic="false" isGetter="false" isSetter="false">
              <Summary numSequencePoints="0" visitedSequencePoints="0" numBranchPoints="0" visitedBranchPoints="0" sequenceCoverage="0" branchCoverage="0" maxCyclomaticComplexity="1" minCyclomaticComplexity="1" maxCrapScore="2" minCrapScore="2" visitedClasses="0" numClasses="0" visitedMethods="0" numMethods="0" />
              <MetadataToken>100663308</MetadataToken>
              <Name>System.Void NoteApp.UnitTests.NoteTest::.ctor()</Name>
              <SequencePoints />
              <BranchPoints />
              <MethodPoint vc="0" uspid="57" ordinal="0" offset="0" />
            </Method>
            <Method visited="true" cyclomaticComplexity="1" nPathComplexity="0" sequenceCoverage="100" branchCoverage="100" crapScore="1" isConstructor="false" isStatic="false" isGetter="false" isSetter="false">
              <Summary numSequencePoints="3" visitedSequencePoints="3" numBranchPoints="1" visitedBranchPoints="1" sequenceCoverage="100" branchCoverage="100" maxCyclomaticComplexity="1" minCyclomaticComplexity="1" maxCrapScore="1" minCrapScore="1" visitedClasses="0" numClasses="0" visitedMethods="1" numMethods="1" />
              <MetadataToken>100663309</MetadataToken>
              <Name>System.Void NoteApp.UnitTests.NoteTest::&lt;TestCategorySet_CorrectValue&gt;b__6_0()</Name>
              <FileRef uid="1" />
              <SequencePoints>
                <SequencePoint vc="1" uspid="58" ordinal="0" offset="0" sl="73" sc="23" el="73" ec="24" bec="0" bev="0" fileid="1">
                  <TrackedMethodRefs>
                    <TrackedMethodRef uid="5" vc="1" />
                  </TrackedMethodRefs>
                </SequencePoint>
                <SequencePoint vc="1" uspid="59" ordinal="1" offset="1" sl="73" sc="25" el="73" ec="61" bec="0" bev="0" fileid="1">
                  <TrackedMethodRefs>
                    <TrackedMethodRef uid="5" vc="1" />
                  </TrackedMethodRefs>
                </SequencePoint>
                <SequencePoint vc="1" uspid="60" ordinal="2" offset="14" sl="73" sc="62" el="73" ec="63" bec="0" bev="0" fileid="1">
                  <TrackedMethodRefs>
                    <TrackedMethodRef uid="5" vc="1" />
                  </TrackedMethodRefs>
                </SequencePoint>
              </SequencePoints>
              <BranchPoints />
              <MethodPoint xsi:type="SequencePoint" vc="1" uspid="58" ordinal="0" offset="0" sl="73" sc="23" el="73" ec="24" bec="0" bev="0" fileid="1">
                <TrackedMethodRefs>
                  <TrackedMethodRef uid="5" vc="1" />
                </TrackedMethodRefs>
              </MethodPoint>
            </Method>
            <Method visited="true" cyclomaticComplexity="1" nPathComplexity="0" sequenceCoverage="100" branchCoverage="100" crapScore="1" isConstructor="false" isStatic="false" isGetter="false" isSetter="false">
              <Summary numSequencePoints="3" visitedSequencePoints="3" numBranchPoints="1" visitedBranchPoints="1" sequenceCoverage="100" branchCoverage="100" maxCyclomaticComplexity="1" minCyclomaticComplexity="1" maxCrapScore="1" minCrapScore="1" visitedClasses="0" numClasses="0" visitedMethods="1" numMethods="1" />
              <MetadataToken>100663310</MetadataToken>
              <Name>System.Void NoteApp.UnitTests.NoteTest::&lt;TestDateOfCreationSet_CorrectValue&gt;b__8_0()</Name>
              <FileRef uid="1" />
              <SequencePoints>
                <SequencePoint vc="1" uspid="61" ordinal="0" offset="0" sl="93" sc="23" el="93" ec="24" bec="0" bev="0" fileid="1">
                  <TrackedMethodRefs>
                    <TrackedMethodRef uid="7" vc="1" />
                  </TrackedMethodRefs>
                </SequencePoint>
                <SequencePoint vc="1" uspid="62" ordinal="1" offset="1" sl="93" sc="25" el="93" ec="61" bec="0" bev="0" fileid="1">
                  <TrackedMethodRefs>
                    <TrackedMethodRef uid="7" vc="1" />
                  </TrackedMethodRefs>
                </SequencePoint>
                <SequencePoint vc="1" uspid="63" ordinal="2" offset="18" sl="93" sc="62" el="93" ec="63" bec="0" bev="0" fileid="1">
                  <TrackedMethodRefs>
                    <TrackedMethodRef uid="7" vc="1" />
                  </TrackedMethodRefs>
                </SequencePoint>
              </SequencePoints>
              <BranchPoints />
              <MethodPoint xsi:type="SequencePoint" vc="1" uspid="61" ordinal="0" offset="0" sl="93" sc="23" el="93" ec="24" bec="0" bev="0" fileid="1">
                <TrackedMethodRefs>
                  <TrackedMethodRef uid="7" vc="1" />
                </TrackedMethodRefs>
              </MethodPoint>
            </Method>
            <Method visited="true" cyclomaticComplexity="1" nPathComplexity="0" sequenceCoverage="100" branchCoverage="100" crapScore="1" isConstructor="false" isStatic="false" isGetter="false" isSetter="false">
              <Summary numSequencePoints="3" visitedSequencePoints="3" numBranchPoints="1" visitedBranchPoints="1" sequenceCoverage="100" branchCoverage="100" maxCyclomaticComplexity="1" minCyclomaticComplexity="1" maxCrapScore="1" minCrapScore="1" visitedClasses="0" numClasses="0" visitedMethods="1" numMethods="1" />
              <MetadataToken>100663311</MetadataToken>
              <Name>System.Void NoteApp.UnitTests.NoteTest::&lt;TestDateOfLastEditSet_CorrectValue&gt;b__10_0()</Name>
              <FileRef uid="1" />
              <SequencePoints>
                <SequencePoint vc="1" uspid="64" ordinal="0" offset="0" sl="113" sc="23" el="113" ec="24" bec="0" bev="0" fileid="1">
                  <TrackedMethodRefs>
                    <TrackedMethodRef uid="9" vc="1" />
                  </TrackedMethodRefs>
                </SequencePoint>
                <SequencePoint vc="1" uspid="65" ordinal="1" offset="1" sl="113" sc="25" el="113" ec="61" bec="0" bev="0" fileid="1">
                  <TrackedMethodRefs>
                    <TrackedMethodRef uid="9" vc="1" />
                  </TrackedMethodRefs>
                </SequencePoint>
                <SequencePoint vc="1" uspid="66" ordinal="2" offset="18" sl="113" sc="62" el="113" ec="63" bec="0" bev="0" fileid="1">
                  <TrackedMethodRefs>
                    <TrackedMethodRef uid="9" vc="1" />
                  </TrackedMethodRefs>
                </SequencePoint>
              </SequencePoints>
              <BranchPoints />
              <MethodPoint xsi:type="SequencePoint" vc="1" uspid="64" ordinal="0" offset="0" sl="113" sc="23" el="113" ec="24" bec="0" bev="0" fileid="1">
                <TrackedMethodRefs>
                  <TrackedMethodRef uid="9" vc="1" />
                </TrackedMethodRefs>
              </MethodPoint>
            </Method>
          </Methods>
        </Class>
        <Class>
          <Summary numSequencePoints="48" visitedSequencePoints="42" numBranchPoints="13" visitedBranchPoints="10" sequenceCoverage="87.5" branchCoverage="76.92" maxCyclomaticComplexity="2" minCyclomaticComplexity="1" maxCrapScore="2.11" minCrapScore="1" visitedClasses="1" numClasses="1" visitedMethods="7" numMethods="7" />
          <FullName>NoteApp.UnitTests.ProjectManagerTest</FullName>
          <Methods>
            <Method visited="true" cyclomaticComplexity="1" nPathComplexity="0" sequenceCoverage="100" branchCoverage="100" crapScore="1" isConstructor="false" isStatic="false" isGetter="false" isSetter="false">
              <Summary numSequencePoints="4" visitedSequencePoints="4" numBranchPoints="1" visitedBranchPoints="1" sequenceCoverage="100" branchCoverage="100" maxCyclomaticComplexity="1" minCyclomaticComplexity="1" maxCrapScore="1" minCrapScore="1" visitedClasses="0" numClasses="0" visitedMethods="1" numMethods="1" />
              <MetadataToken>100663312</MetadataToken>
              <Name>System.Void NoteApp.UnitTests.ProjectManagerTest::InitProject()</Name>
              <FileRef uid="2" />
              <SequencePoints>
                <SequencePoint vc="4" uspid="67" ordinal="0" offset="0" sl="19" sc="9" el="19" ec="10" bec="0" bev="0" fileid="2" />
                <SequencePoint vc="4" uspid="68" ordinal="1" offset="1" sl="20" sc="13" el="20" ec="46" bec="0" bev="0" fileid="2" />
                <SequencePoint vc="4" uspid="69" ordinal="2" offset="12" sl="21" sc="13" el="21" ec="101" bec="0" bev="0" fileid="2" />
                <SequencePoint vc="4" uspid="70" ordinal="3" offset="45" sl="22" sc="9" el="22" ec="10" bec="0" bev="0" fileid="2" />
              </SequencePoints>
              <BranchPoints />
              <MethodPoint xsi:type="SequencePoint" vc="4" uspid="67" ordinal="0" offset="0" sl="19" sc="9" el="19" ec="10" bec="0" bev="0" fileid="2" />
            </Method>
            <Method visited="true" cyclomaticComplexity="2" nPathComplexity="2" sequenceCoverage="100" branchCoverage="66.67" crapScore="2" isConstructor="false" isStatic="false" isGetter="false" isSetter="false">
              <Summary numSequencePoints="6" visitedSequencePoints="6" numBranchPoints="3" visitedBranchPoints="2" sequenceCoverage="100" branchCoverage="66.67" maxCyclomaticComplexity="2" minCyclomaticComplexity="2" maxCrapScore="2" minCrapScore="2" visitedClasses="0" numClasses="0" visitedMethods="1" numMethods="1" />
              <MetadataToken>100663313</MetadataToken>
              <Name>System.Void NoteApp.UnitTests.ProjectManagerTest::DeleteFile()</Name>
              <FileRef uid="2" />
              <SequencePoints>
                <SequencePoint vc="4" uspid="71" ordinal="0" offset="0" sl="26" sc="9" el="26" ec="10" bec="0" bev="0" fileid="2" />
                <SequencePoint vc="4" uspid="72" ordinal="1" offset="1" sl="27" sc="13" el="27" ec="42" bec="2" bev="1" fileid="2" />
                <SequencePoint vc="4" uspid="73" ordinal="2" offset="16" sl="28" sc="13" el="28" ec="14" bec="0" bev="0" fileid="2" />
                <SequencePoint vc="4" uspid="74" ordinal="3" offset="17" sl="29" sc="17" el="29" ec="42" bec="0" bev="0" fileid="2" />
                <SequencePoint vc="4" uspid="75" ordinal="4" offset="29" sl="30" sc="13" el="30" ec="14" bec="0" bev="0" fileid="2" />
                <SequencePoint vc="4" uspid="76" ordinal="5" offset="30" sl="31" sc="9" el="31" ec="10" bec="0" bev="0" fileid="2" />
              </SequencePoints>
              <BranchPoints>
                <BranchPoint vc="4" uspid="77" ordinal="0" offset="14" sl="27" path="0" offsetend="16" fileid="2" />
                <BranchPoint vc="0" uspid="78" ordinal="1" offset="14" sl="27" path="1" offsetend="30" fileid="2" />
              </BranchPoints>
              <MethodPoint xsi:type="SequencePoint" vc="4" uspid="71" ordinal="0" offset="0" sl="26" sc="9" el="26" ec="10" bec="0" bev="0" fileid="2" />
            </Method>
            <Method visited="true" cyclomaticComplexity="1" nPathComplexity="0" sequenceCoverage="100" branchCoverage="100" crapScore="1" isConstructor="false" isStatic="false" isGetter="false" isSetter="false">
              <Summary numSequencePoints="4" visitedSequencePoints="4" numBranchPoints="1" visitedBranchPoints="1" sequenceCoverage="100" branchCoverage="100" maxCyclomaticComplexity="1" minCyclomaticComplexity="1" maxCrapScore="1" minCrapScore="1" visitedClasses="0" numClasses="0" visitedMethods="1" numMethods="1" />
              <MetadataToken>100663314</MetadataToken>
              <Name>System.Void NoteApp.UnitTests.ProjectManagerTest::TestProjectManagerSaveToFile()</Name>
              <FileRef uid="2" />
              <SequencePoints>
                <SequencePoint vc="1" uspid="79" ordinal="0" offset="0" sl="35" sc="9" el="35" ec="10" bec="0" bev="0" fileid="2">
                  <TrackedMethodRefs>
                    <TrackedMethodRef uid="11" vc="1" />
                  </TrackedMethodRefs>
                </SequencePoint>
                <SequencePoint vc="1" uspid="80" ordinal="1" offset="1" sl="36" sc="13" el="36" ec="57" bec="0" bev="0" fileid="2">
                  <TrackedMethodRefs>
                    <TrackedMethodRef uid="11" vc="1" />
                  </TrackedMethodRefs>
                </SequencePoint>
                <SequencePoint vc="1" uspid="81" ordinal="2" offset="13" sl="37" sc="13" el="37" ec="51" bec="0" bev="0" fileid="2">
                  <TrackedMethodRefs>
                    <TrackedMethodRef uid="11" vc="1" />
                  </TrackedMethodRefs>
                </SequencePoint>
                <SequencePoint vc="1" uspid="82" ordinal="3" offset="30" sl="38" sc="9" el="38" ec="10" bec="0" bev="0" fileid="2">
                  <TrackedMethodRefs>
                    <TrackedMethodRef uid="11" vc="1" />
                  </TrackedMethodRefs>
                </SequencePoint>
              </SequencePoints>
              <BranchPoints />
              <MethodPoint xsi:type="SequencePoint" vc="1" uspid="79" ordinal="0" offset="0" sl="35" sc="9" el="35" ec="10" bec="0" bev="0" fileid="2">
                <TrackedMethodRefs>
                  <TrackedMethodRef uid="11" vc="1" />
                </TrackedMethodRefs>
              </MethodPoint>
            </Method>
            <Method visited="true" cyclomaticComplexity="1" nPathComplexity="0" sequenceCoverage="100" branchCoverage="100" crapScore="1" isConstructor="false" isStatic="false" isGetter="false" isSetter="false">
              <Summary numSequencePoints="12" visitedSequencePoints="12" numBranchPoints="1" visitedBranchPoints="1" sequenceCoverage="100" branchCoverage="100" maxCyclomaticComplexity="1" minCyclomaticComplexity="1" maxCrapScore="1" minCrapScore="1" visitedClasses="0" numClasses="0" visitedMethods="1" numMethods="1" />
              <MetadataToken>100663315</MetadataToken>
              <Name>System.Void NoteApp.UnitTests.ProjectManagerTest::TestProjectManagerLoadFromFile_CorrectLoad()</Name>
              <FileRef uid="2" />
              <SequencePoints>
                <SequencePoint vc="1" uspid="83" ordinal="0" offset="0" sl="42" sc="9" el="42" ec="10" bec="0" bev="0" fileid="2">
                  <TrackedMethodRefs>
                    <TrackedMethodRef uid="12" vc="1" />
                  </TrackedMethodRefs>
                </SequencePoint>
                <SequencePoint vc="1" uspid="84" ordinal="1" offset="1" sl="43" sc="13" el="43" ec="51" bec="0" bev="0" fileid="2">
                  <TrackedMethodRefs>
                    <TrackedMethodRef uid="12" vc="1" />
                  </TrackedMethodRefs>
                </SequencePoint>
                <SequencePoint vc="1" uspid="85" ordinal="2" offset="7" sl="44" sc="13" el="44" ec="57" bec="0" bev="0" fileid="2">
                  <TrackedMethodRefs>
                    <TrackedMethodRef uid="12" vc="1" />
                  </TrackedMethodRefs>
                </SequencePoint>
                <SequencePoint vc="1" uspid="86" ordinal="3" offset="13" sl="45" sc="13" el="45" ec="68" bec="0" bev="0" fileid="2">
                  <TrackedMethodRefs>
                    <TrackedMethodRef uid="12" vc="1" />
                  </TrackedMethodRefs>
                </SequencePoint>
                <SequencePoint vc="1" uspid="87" ordinal="4" offset="15" sl="47" sc="13" el="47" ec="53" bec="0" bev="0" fileid="2">
                  <TrackedMethodRefs>
                    <TrackedMethodRef uid="12" vc="1" />
                  </TrackedMethodRefs>
                </SequencePoint>
                <SequencePoint vc="1" uspid="88" ordinal="5" offset="21" sl="48" sc="13" el="48" ec="96" bec="0" bev="0" fileid="2">
                  <TrackedMethodRefs>
                    <TrackedMethodRef uid="12" vc="1" />
                  </TrackedMethodRefs>
                </SequencePoint>
                <SequencePoint vc="1" uspid="89" ordinal="6" offset="49" sl="49" sc="13" el="49" ec="52" bec="0" bev="0" fileid="2">
                  <TrackedMethodRefs>
                    <TrackedMethodRef uid="12" vc="1" />
                  </TrackedMethodRefs>
                </SequencePoint>
                <SequencePoint vc="1" uspid="90" ordinal="7" offset="56" sl="51" sc="13" el="51" ec="60" bec="0" bev="0" fileid="2">
                  <TrackedMethodRefs>
                    <TrackedMethodRef uid="12" vc="1" />
                  </TrackedMethodRefs>
                </SequencePoint>
                <SequencePoint vc="1" uspid="91" ordinal="8" offset="63" sl="52" sc="13" el="52" ec="69" bec="0" bev="0" fileid="2">
                  <TrackedMethodRefs>
                    <TrackedMethodRef uid="12" vc="1" />
                  </TrackedMethodRefs>
                </SequencePoint>
                <SequencePoint vc="1" uspid="92" ordinal="9" offset="88" sl="53" sc="13" el="53" ec="75" bec="0" bev="0" fileid="2">
                  <TrackedMethodRefs>
                    <TrackedMethodRef uid="12" vc="1" />
                  </TrackedMethodRefs>
                </SequencePoint>
                <SequencePoint vc="1" uspid="93" ordinal="10" offset="113" sl="54" sc="13" el="54" ec="77" bec="0" bev="0" fileid="2">
                  <TrackedMethodRefs>
                    <TrackedMethodRef uid="12" vc="1" />
                  </TrackedMethodRefs>
                </SequencePoint>
                <SequencePoint vc="1" uspid="94" ordinal="11" offset="148" sl="55" sc="9" el="55" ec="10" bec="0" bev="0" fileid="2">
                  <TrackedMethodRefs>
                    <TrackedMethodRef uid="12" vc="1" />
                  </TrackedMethodRefs>
                </SequencePoint>
              </SequencePoints>
              <BranchPoints />
              <MethodPoint xsi:type="SequencePoint" vc="1" uspid="83" ordinal="0" offset="0" sl="42" sc="9" el="42" ec="10" bec="0" bev="0" fileid="2">
                <TrackedMethodRefs>
                  <TrackedMethodRef uid="12" vc="1" />
                </TrackedMethodRefs>
              </MethodPoint>
            </Method>
            <Method visited="true" cyclomaticComplexity="2" nPathComplexity="2" sequenceCoverage="70" branchCoverage="66.67" crapScore="2.11" isConstructor="false" isStatic="false" isGetter="false" isSetter="false">
              <Summary numSequencePoints="10" visitedSequencePoints="7" numBranchPoints="3" visitedBranchPoints="2" sequenceCoverage="70" branchCoverage="66.67" maxCyclomaticComplexity="2" minCyclomaticComplexity="2" maxCrapScore="2.11" minCrapScore="2.11" visitedClasses="0" numClasses="0" visitedMethods="1" numMethods="1" />
              <MetadataToken>100663316</MetadataToken>
              <Name>System.Void NoteApp.UnitTests.ProjectManagerTest::TestProjectManagerLoadFromFile_WithoutFile()</Name>
              <FileRef uid="2" />
              <SequencePoints>
                <SequencePoint vc="1" uspid="95" ordinal="0" offset="0" sl="59" sc="9" el="59" ec="10" bec="0" bev="0" fileid="2">
                  <TrackedMethodRefs>
                    <TrackedMethodRef uid="13" vc="1" />
                  </TrackedMethodRefs>
                </SequencePoint>
                <SequencePoint vc="1" uspid="96" ordinal="1" offset="1" sl="60" sc="13" el="60" ec="42" bec="2" bev="1" fileid="2">
                  <TrackedMethodRefs>
                    <TrackedMethodRef uid="13" vc="1" />
                  </TrackedMethodRefs>
                </SequencePoint>
                <SequencePoint vc="0" uspid="97" ordinal="2" offset="16" sl="61" sc="13" el="61" ec="14" bec="0" bev="0" fileid="2" />
                <SequencePoint vc="0" uspid="98" ordinal="3" offset="17" sl="62" sc="17" el="62" ec="42" bec="0" bev="0" fileid="2" />
                <SequencePoint vc="0" uspid="99" ordinal="4" offset="29" sl="63" sc="13" el="63" ec="14" bec="0" bev="0" fileid="2" />
                <SequencePoint vc="1" uspid="100" ordinal="5" offset="30" sl="65" sc="13" el="65" ec="30" bec="0" bev="0" fileid="2">
                  <TrackedMethodRefs>
                    <TrackedMethodRef uid="13" vc="1" />
                  </TrackedMethodRefs>
                </SequencePoint>
                <SequencePoint vc="1" uspid="101" ordinal="6" offset="32" sl="67" sc="13" el="67" ec="61" bec="0" bev="0" fileid="2">
                  <TrackedMethodRefs>
                    <TrackedMethodRef uid="13" vc="1" />
                  </TrackedMethodRefs>
                </SequencePoint>
                <SequencePoint vc="1" uspid="102" ordinal="7" offset="38" sl="68" sc="13" el="68" ec="46" bec="0" bev="0" fileid="2">
                  <TrackedMethodRefs>
                    <TrackedMethodRef uid="13" vc="1" />
                  </TrackedMethodRefs>
                </SequencePoint>
                <SequencePoint vc="1" uspid="103" ordinal="8" offset="50" sl="70" sc="13" el="70" ec="47" bec="0" bev="0" fileid="2">
                  <TrackedMethodRefs>
                    <TrackedMethodRef uid="13" vc="1" />
                  </TrackedMethodRefs>
                </SequencePoint>
                <SequencePoint vc="1" uspid="104" ordinal="9" offset="68" sl="71" sc="9" el="71" ec="10" bec="0" bev="0" fileid="2">
                  <TrackedMethodRefs>
                    <TrackedMethodRef uid="13" vc="1" />
                  </TrackedMethodRefs>
                </SequencePoint>
              </SequencePoints>
              <BranchPoints>
                <BranchPoint vc="0" uspid="105" ordinal="0" offset="14" sl="60" path="0" offsetend="16" fileid="2" />
                <BranchPoint vc="1" uspid="106" ordinal="1" offset="14" sl="60" path="1" offsetend="30" fileid="2">
                  <TrackedMethodRefs>
                    <TrackedMethodRef uid="13" vc="1" />
                  </TrackedMethodRefs>
                </BranchPoint>
              </BranchPoints>
              <MethodPoint xsi:type="SequencePoint" vc="1" uspid="95" ordinal="0" offset="0" sl="59" sc="9" el="59" ec="10" bec="0" bev="0" fileid="2">
                <TrackedMethodRefs>
                  <TrackedMethodRef uid="13" vc="1" />
                </TrackedMethodRefs>
              </MethodPoint>
            </Method>
            <Method visited="true" cyclomaticComplexity="2" nPathComplexity="2" sequenceCoverage="70" branchCoverage="66.67" crapScore="2.11" isConstructor="false" isStatic="false" isGetter="false" isSetter="false">
              <Summary numSequencePoints="10" visitedSequencePoints="7" numBranchPoints="3" visitedBranchPoints="2" sequenceCoverage="70" branchCoverage="66.67" maxCyclomaticComplexity="2" minCyclomaticComplexity="2" maxCrapScore="2.11" minCrapScore="2.11" visitedClasses="0" numClasses="0" visitedMethods="1" numMethods="1" />
              <MetadataToken>100663317</MetadataToken>
              <Name>System.Void NoteApp.UnitTests.ProjectManagerTest::TestProjectManagerLoadFromFile_WithoutDirectory()</Name>
              <FileRef uid="2" />
              <SequencePoints>
                <SequencePoint vc="1" uspid="107" ordinal="0" offset="0" sl="75" sc="9" el="75" ec="10" bec="0" bev="0" fileid="2">
                  <TrackedMethodRefs>
                    <TrackedMethodRef uid="14" vc="1" />
                  </TrackedMethodRefs>
                </SequencePoint>
                <SequencePoint vc="1" uspid="108" ordinal="1" offset="1" sl="76" sc="13" el="76" ec="47" bec="2" bev="1" fileid="2">
                  <TrackedMethodRefs>
                    <TrackedMethodRef uid="14" vc="1" />
                  </TrackedMethodRefs>
                </SequencePoint>
                <SequencePoint vc="0" uspid="109" ordinal="2" offset="16" sl="77" sc="13" el="77" ec="14" bec="0" bev="0" fileid="2" />
                <SequencePoint vc="0" uspid="110" ordinal="3" offset="17" sl="78" sc="17" el="78" ec="47" bec="0" bev="0" fileid="2" />
                <SequencePoint vc="0" uspid="111" ordinal="4" offset="29" sl="79" sc="13" el="79" ec="14" bec="0" bev="0" fileid="2" />
                <SequencePoint vc="1" uspid="112" ordinal="5" offset="30" sl="81" sc="13" el="81" ec="30" bec="0" bev="0" fileid="2">
                  <TrackedMethodRefs>
                    <TrackedMethodRef uid="14" vc="1" />
                  </TrackedMethodRefs>
                </SequencePoint>
                <SequencePoint vc="1" uspid="113" ordinal="6" offset="32" sl="83" sc="13" el="83" ec="61" bec="0" bev="0" fileid="2">
                  <TrackedMethodRefs>
                    <TrackedMethodRef uid="14" vc="1" />
                  </TrackedMethodRefs>
                </SequencePoint>
                <SequencePoint vc="1" uspid="114" ordinal="7" offset="38" sl="84" sc="13" el="84" ec="46" bec="0" bev="0" fileid="2">
                  <TrackedMethodRefs>
                    <TrackedMethodRef uid="14" vc="1" />
                  </TrackedMethodRefs>
                </SequencePoint>
                <SequencePoint vc="1" uspid="115" ordinal="8" offset="50" sl="86" sc="13" el="86" ec="47" bec="0" bev="0" fileid="2">
                  <TrackedMethodRefs>
                    <TrackedMethodRef uid="14" vc="1" />
                  </TrackedMethodRefs>
                </SequencePoint>
                <SequencePoint vc="1" uspid="116" ordinal="9" offset="68" sl="87" sc="9" el="87" ec="10" bec="0" bev="0" fileid="2">
                  <TrackedMethodRefs>
                    <TrackedMethodRef uid="14" vc="1" />
                  </TrackedMethodRefs>
                </SequencePoint>
              </SequencePoints>
              <BranchPoints>
                <BranchPoint vc="0" uspid="117" ordinal="0" offset="14" sl="76" path="0" offsetend="16" fileid="2" />
                <BranchPoint vc="1" uspid="118" ordinal="1" offset="14" sl="76" path="1" offsetend="30" fileid="2">
                  <TrackedMethodRefs>
                    <TrackedMethodRef uid="14" vc="1" />
                  </TrackedMethodRefs>
                </BranchPoint>
              </BranchPoints>
              <MethodPoint xsi:type="SequencePoint" vc="1" uspid="107" ordinal="0" offset="0" sl="75" sc="9" el="75" ec="10" bec="0" bev="0" fileid="2">
                <TrackedMethodRefs>
                  <TrackedMethodRef uid="14" vc="1" />
                </TrackedMethodRefs>
              </MethodPoint>
            </Method>
            <Method visited="true" cyclomaticComplexity="1" nPathComplexity="0" sequenceCoverage="100" branchCoverage="100" crapScore="1" isConstructor="true" isStatic="false" isGetter="false" isSetter="false">
              <Summary numSequencePoints="2" visitedSequencePoints="2" numBranchPoints="1" visitedBranchPoints="1" sequenceCoverage="100" branchCoverage="100" maxCyclomaticComplexity="1" minCyclomaticComplexity="1" maxCrapScore="1" minCrapScore="1" visitedClasses="0" numClasses="0" visitedMethods="1" numMethods="1" />
              <MetadataToken>100663318</MetadataToken>
              <Name>System.Void NoteApp.UnitTests.ProjectManagerTest::.ctor()</Name>
              <FileRef uid="2" />
              <SequencePoints>
                <SequencePoint vc="1" uspid="119" ordinal="0" offset="0" sl="13" sc="9" el="13" ec="145" bec="0" bev="0" fileid="2" />
                <SequencePoint vc="1" uspid="120" ordinal="1" offset="23" sl="14" sc="9" el="14" ec="135" bec="0" bev="0" fileid="2" />
              </SequencePoints>
              <BranchPoints />
              <MethodPoint xsi:type="SequencePoint" vc="1" uspid="119" ordinal="0" offset="0" sl="13" sc="9" el="13" ec="145" bec="0" bev="0" fileid="2" />
            </Method>
          </Methods>
        </Class>
        <Class>
          <Summary numSequencePoints="10" visitedSequencePoints="10" numBranchPoints="1" visitedBranchPoints="1" sequenceCoverage="100" branchCoverage="100" maxCyclomaticComplexity="1" minCyclomaticComplexity="1" maxCrapScore="2" minCrapScore="1" visitedClasses="1" numClasses="1" visitedMethods="1" numMethods="1" />
          <FullName>NoteApp.UnitTests.NotesTest</FullName>
          <Methods>
            <Method visited="true" cyclomaticComplexity="1" nPathComplexity="0" sequenceCoverage="100" branchCoverage="100" crapScore="1" isConstructor="false" isStatic="false" isGetter="false" isSetter="false">
              <Summary numSequencePoints="10" visitedSequencePoints="10" numBranchPoints="1" visitedBranchPoints="1" sequenceCoverage="100" branchCoverage="100" maxCyclomaticComplexity="1" minCyclomaticComplexity="1" maxCrapScore="1" minCrapScore="1" visitedClasses="0" numClasses="0" visitedMethods="1" numMethods="1" />
              <MetadataToken>100663319</MetadataToken>
              <Name>System.Void NoteApp.UnitTests.NotesTest::TestNotesGet_CorrectValue()</Name>
              <FileRef uid="3" />
              <SequencePoints>
                <SequencePoint vc="1" uspid="121" ordinal="0" offset="0" sl="15" sc="9" el="15" ec="10" bec="0" bev="0" fileid="3">
                  <TrackedMethodRefs>
                    <TrackedMethodRef uid="15" vc="1" />
                  </TrackedMethodRefs>
                </SequencePoint>
                <SequencePoint vc="1" uspid="122" ordinal="1" offset="1" sl="16" sc="13" el="16" ec="45" bec="0" bev="0" fileid="3">
                  <TrackedMethodRefs>
                    <TrackedMethodRef uid="15" vc="1" />
                  </TrackedMethodRefs>
                </SequencePoint>
                <SequencePoint vc="1" uspid="123" ordinal="2" offset="7" sl="17" sc="13" el="17" ec="91" bec="0" bev="0" fileid="3">
                  <TrackedMethodRefs>
                    <TrackedMethodRef uid="15" vc="1" />
                  </TrackedMethodRefs>
                </SequencePoint>
                <SequencePoint vc="1" uspid="124" ordinal="3" offset="30" sl="19" sc="13" el="19" ec="49" bec="0" bev="0" fileid="3">
                  <TrackedMethodRefs>
                    <TrackedMethodRef uid="15" vc="1" />
                  </TrackedMethodRefs>
                </SequencePoint>
                <SequencePoint vc="1" uspid="125" ordinal="4" offset="36" sl="20" sc="13" el="20" ec="100" bec="0" bev="0" fileid="3">
                  <TrackedMethodRefs>
                    <TrackedMethodRef uid="15" vc="1" />
                  </TrackedMethodRefs>
                </SequencePoint>
                <SequencePoint vc="1" uspid="126" ordinal="5" offset="64" sl="21" sc="13" el="21" ec="44" bec="0" bev="0" fileid="3">
                  <TrackedMethodRefs>
                    <TrackedMethodRef uid="15" vc="1" />
                  </TrackedMethodRefs>
                </SequencePoint>
                <SequencePoint vc="1" uspid="127" ordinal="6" offset="71" sl="23" sc="13" el="23" ec="63" bec="0" bev="0" fileid="3">
                  <TrackedMethodRefs>
                    <TrackedMethodRef uid="15" vc="1" />
                  </TrackedMethodRefs>
                </SequencePoint>
                <SequencePoint vc="1" uspid="128" ordinal="7" offset="101" sl="24" sc="13" el="24" ec="69" bec="0" bev="0" fileid="3">
                  <TrackedMethodRefs>
                    <TrackedMethodRef uid="15" vc="1" />
                  </TrackedMethodRefs>
                </SequencePoint>
                <SequencePoint vc="1" uspid="129" ordinal="8" offset="131" sl="25" sc="13" el="25" ec="71" bec="0" bev="0" fileid="3">
                  <TrackedMethodRefs>
                    <TrackedMethodRef uid="15" vc="1" />
                  </TrackedMethodRefs>
                </SequencePoint>
                <SequencePoint vc="1" uspid="130" ordinal="9" offset="171" sl="26" sc="9" el="26" ec="10" bec="0" bev="0" fileid="3">
                  <TrackedMethodRefs>
                    <TrackedMethodRef uid="15" vc="1" />
                  </TrackedMethodRefs>
                </SequencePoint>
              </SequencePoints>
              <BranchPoints />
              <MethodPoint xsi:type="SequencePoint" vc="1" uspid="121" ordinal="0" offset="0" sl="15" sc="9" el="15" ec="10" bec="0" bev="0" fileid="3">
                <TrackedMethodRefs>
                  <TrackedMethodRef uid="15" vc="1" />
                </TrackedMethodRefs>
              </MethodPoint>
            </Method>
            <Method visited="false" cyclomaticComplexity="1" nPathComplexity="0" sequenceCoverage="0" branchCoverage="0" crapScore="2" isConstructor="true" isStatic="false" isGetter="false" isSetter="false">
              <Summary numSequencePoints="0" visitedSequencePoints="0" numBranchPoints="0" visitedBranchPoints="0" sequenceCoverage="0" branchCoverage="0" maxCyclomaticComplexity="1" minCyclomaticComplexity="1" maxCrapScore="2" minCrapScore="2" visitedClasses="0" numClasses="0" visitedMethods="0" numMethods="0" />
              <MetadataToken>100663320</MetadataToken>
              <Name>System.Void NoteApp.UnitTests.NotesTest::.ctor()</Name>
              <SequencePoints />
              <BranchPoints />
              <MethodPoint vc="0" uspid="131" ordinal="0" offset="0" />
            </Method>
          </Methods>
        </Class>
      </Classes>
      <TrackedMethods>
        <TrackedMethod uid="1" token="100663298" name="System.Void NoteApp.UnitTests.NoteTest::TestNoteConstructor(System.String,System.String,NoteCategory)" strategy="NUnitTest" />
        <TrackedMethod uid="2" token="100663299" name="System.Void NoteApp.UnitTests.NoteTest::TestNameGet_CorrectValue()" strategy="NUnitTest" />
        <TrackedMethod uid="3" token="100663300" name="System.Void NoteApp.UnitTests.NoteTest::TestContentGet_CorrectValue()" strategy="NUnitTest" />
        <TrackedMethod uid="4" token="100663301" name="System.Void NoteApp.UnitTests.NoteTest::TestCategoryGet_CorrectValue()" strategy="NUnitTest" />
        <TrackedMethod uid="5" token="100663302" name="System.Void NoteApp.UnitTests.NoteTest::TestCategorySet_CorrectValue()" strategy="NUnitTest" />
        <TrackedMethod uid="6" token="100663303" name="System.Void NoteApp.UnitTests.NoteTest::TestDateOfCreationGet_CorrectValue()" strategy="NUnitTest" />
        <TrackedMethod uid="7" token="100663304" name="System.Void NoteApp.UnitTests.NoteTest::TestDateOfCreationSet_CorrectValue()" strategy="NUnitTest" />
        <TrackedMethod uid="8" token="100663305" name="System.Void NoteApp.UnitTests.NoteTest::TestDateOfLastEditGet_CorrectValue()" strategy="NUnitTest" />
        <TrackedMethod uid="9" token="100663306" name="System.Void NoteApp.UnitTests.NoteTest::TestDateOfLastEditSet_CorrectValue()" strategy="NUnitTest" />
        <TrackedMethod uid="10" token="100663307" name="System.Void NoteApp.UnitTests.NoteTest::TestNoteClone()" strategy="NUnitTest" />
        <TrackedMethod uid="11" token="100663314" name="System.Void NoteApp.UnitTests.ProjectManagerTest::TestProjectManagerSaveToFile()" strategy="NUnitTest" />
        <TrackedMethod uid="12" token="100663315" name="System.Void NoteApp.UnitTests.ProjectManagerTest::TestProjectManagerLoadFromFile_CorrectLoad()" strategy="NUnitTest" />
        <TrackedMethod uid="13" token="100663316" name="System.Void NoteApp.UnitTests.ProjectManagerTest::TestProjectManagerLoadFromFile_WithoutFile()" strategy="NUnitTest" />
        <TrackedMethod uid="14" token="100663317" name="System.Void NoteApp.UnitTests.ProjectManagerTest::TestProjectManagerLoadFromFile_WithoutDirectory()" strategy="NUnitTest" />
        <TrackedMethod uid="15" token="100663319" name="System.Void NoteApp.UnitTests.NotesTest::TestNotesGet_CorrectValue()" strategy="NUnitTest" />
      </TrackedMethods>
    </Module>
    <Module hash="75-6C-65-6B-6A-67-86-AC-76-79-94-50-2F-56-AE-1B-A6-6D-EA-A4">
      <Summary numSequencePoints="97" visitedSequencePoints="75" numBranchPoints="27" visitedBranchPoints="22" sequenceCoverage="77.32" branchCoverage="81.48" maxCyclomaticComplexity="5" minCyclomaticComplexity="1" maxCrapScore="9.16" minCrapScore="1" visitedClasses="3" numClasses="3" visitedMethods="17" numMethods="17" />
      <ModulePath>D:\OneDrive\Документы\GitHub\NoteApp\NoteAppUI\NoteApp.UnitTests\bin\Debug\NoteApp.dll</ModulePath>
      <ModuleTime>2019-01-17T12:18:53.7202212Z</ModuleTime>
      <ModuleName>NoteApp</ModuleName>
      <Files>
        <File uid="7" fullPath="D:\OneDrive\Документы\GitHub\NoteApp\NoteAppUI\NoteApp\Note.cs" />
        <File uid="8" fullPath="D:\OneDrive\Документы\GitHub\NoteApp\NoteAppUI\NoteApp\ProjectData.cs" />
        <File uid="9" fullPath="D:\OneDrive\Документы\GitHub\NoteApp\NoteAppUI\NoteApp\ProjectDataManager.cs" />
      </Files>
      <Classes>
        <Class>
          <Summary numSequencePoints="61" visitedSequencePoints="48" numBranchPoints="22" visitedBranchPoints="17" sequenceCoverage="78.69" branchCoverage="77.27" maxCyclomaticComplexity="5" minCyclomaticComplexity="1" maxCrapScore="9.16" minCrapScore="1" visitedClasses="1" numClasses="1" visitedMethods="12" numMethods="12" />
          <FullName>NoteApp.Note</FullName>
          <Methods>
            <Method visited="true" cyclomaticComplexity="1" nPathComplexity="0" sequenceCoverage="100" branchCoverage="100" crapScore="1" isConstructor="false" isStatic="false" isGetter="true" isSetter="false">
              <Summary numSequencePoints="3" visitedSequencePoints="3" numBranchPoints="1" visitedBranchPoints="1" sequenceCoverage="100" branchCoverage="100" maxCyclomaticComplexity="1" minCyclomaticComplexity="1" maxCrapScore="1" minCrapScore="1" visitedClasses="0" numClasses="0" visitedMethods="1" numMethods="1" />
              <MetadataToken>100663297</MetadataToken>
              <Name>System.String NoteApp.Note::get_Name()</Name>
              <FileRef uid="7" />
              <SequencePoints>
                <SequencePoint vc="9" uspid="132" ordinal="0" offset="0" sl="24" sc="17" el="24" ec="18" bec="0" bev="0" fileid="7">
                  <TrackedMethodRefs>
                    <TrackedMethodRef uid="15" vc="2" />
                    <TrackedMethodRef uid="2" vc="1" />
                    <TrackedMethodRef uid="10" vc="2" />
                    <TrackedMethodRef uid="1" vc="1" />
                    <TrackedMethodRef uid="12" vc="2" />
                    <TrackedMethodRef uid="11" vc="1" />
                  </TrackedMethodRefs>
                </SequencePoint>
                <SequencePoint vc="9" uspid="133" ordinal="1" offset="1" sl="24" sc="19" el="24" ec="32" bec="0" bev="0" fileid="7">
                  <TrackedMethodRefs>
                    <TrackedMethodRef uid="15" vc="2" />
                    <TrackedMethodRef uid="2" vc="1" />
                    <TrackedMethodRef uid="10" vc="2" />
                    <TrackedMethodRef uid="1" vc="1" />
                    <TrackedMethodRef uid="12" vc="2" />
                    <TrackedMethodRef uid="11" vc="1" />
                  </TrackedMethodRefs>
                </SequencePoint>
                <SequencePoint vc="9" uspid="134" ordinal="2" offset="10" sl="24" sc="33" el="24" ec="34" bec="0" bev="0" fileid="7">
                  <TrackedMethodRefs>
                    <TrackedMethodRef uid="15" vc="2" />
                    <TrackedMethodRef uid="2" vc="1" />
                    <TrackedMethodRef uid="10" vc="2" />
                    <TrackedMethodRef uid="1" vc="1" />
                    <TrackedMethodRef uid="12" vc="2" />
                    <TrackedMethodRef uid="11" vc="1" />
                  </TrackedMethodRefs>
                </SequencePoint>
              </SequencePoints>
              <BranchPoints />
              <MethodPoint xsi:type="SequencePoint" vc="9" uspid="132" ordinal="0" offset="0" sl="24" sc="17" el="24" ec="18" bec="0" bev="0" fileid="7">
                <TrackedMethodRefs>
                  <TrackedMethodRef uid="15" vc="2" />
                  <TrackedMethodRef uid="2" vc="1" />
                  <TrackedMethodRef uid="10" vc="2" />
                  <TrackedMethodRef uid="1" vc="1" />
                  <TrackedMethodRef uid="12" vc="2" />
                  <TrackedMethodRef uid="11" vc="1" />
                </TrackedMethodRefs>
              </MethodPoint>
            </Method>
            <Method visited="true" cyclomaticComplexity="5" nPathComplexity="16" sequenceCoverage="45" branchCoverage="55.56" crapScore="9.16" isConstructor="false" isStatic="false" isGetter="false" isSetter="true">
              <Summary numSequencePoints="20" visitedSequencePoints="9" numBranchPoints="9" visitedBranchPoints="5" sequenceCoverage="45" branchCoverage="55.56" maxCyclomaticComplexity="5" minCyclomaticComplexity="5" maxCrapScore="9.16" minCrapScore="9.16" visitedClasses="0" numClasses="0" visitedMethods="1" numMethods="1" />
              <MetadataToken>100663298</MetadataToken>
              <Name>System.Void NoteApp.Note::set_Name(System.String)</Name>
              <FileRef uid="7" />
              <SequencePoints>
                <SequencePoint vc="19" uspid="135" ordinal="0" offset="0" sl="26" sc="13" el="26" ec="14" bec="0" bev="0" fileid="7">
                  <TrackedMethodRefs>
                    <TrackedMethodRef uid="15" vc="2" />
                    <TrackedMethodRef uid="2" vc="1" />
                    <TrackedMethodRef uid="12" vc="2" />
                  </TrackedMethodRefs>
                </SequencePoint>
                <SequencePoint vc="19" uspid="136" ordinal="1" offset="1" sl="27" sc="17" el="27" ec="52" bec="0" bev="0" fileid="7">
                  <TrackedMethodRefs>
                    <TrackedMethodRef uid="15" vc="2" />
                    <TrackedMethodRef uid="2" vc="1" />
                    <TrackedMethodRef uid="12" vc="2" />
                  </TrackedMethodRefs>
                </SequencePoint>
                <SequencePoint vc="19" uspid="137" ordinal="2" offset="7" sl="29" sc="17" el="29" ec="35" bec="2" bev="1" fileid="7">
                  <TrackedMethodRefs>
                    <TrackedMethodRef uid="15" vc="2" />
                    <TrackedMethodRef uid="2" vc="1" />
                    <TrackedMethodRef uid="12" vc="2" />
                  </TrackedMethodRefs>
                </SequencePoint>
                <SequencePoint vc="0" uspid="138" ordinal="3" offset="15" sl="30" sc="17" el="30" ec="18" bec="0" bev="0" fileid="7" />
                <SequencePoint vc="0" uspid="139" ordinal="4" offset="16" sl="31" sc="21" el="31" ec="88" bec="0" bev="0" fileid="7" />
                <SequencePoint vc="19" uspid="140" ordinal="5" offset="27" sl="34" sc="17" el="34" ec="38" bec="0" bev="0" fileid="7">
                  <TrackedMethodRefs>
                    <TrackedMethodRef uid="15" vc="2" />
                    <TrackedMethodRef uid="2" vc="1" />
                    <TrackedMethodRef uid="12" vc="2" />
                  </TrackedMethodRefs>
                </SequencePoint>
                <SequencePoint vc="19" uspid="141" ordinal="6" offset="35" sl="36" sc="17" el="36" ec="39" bec="2" bev="1" fileid="7">
                  <TrackedMethodRefs>
                    <TrackedMethodRef uid="15" vc="2" />
                    <TrackedMethodRef uid="2" vc="1" />
                    <TrackedMethodRef uid="12" vc="2" />
                  </TrackedMethodRefs>
                </SequencePoint>
                <SequencePoint vc="0" uspid="142" ordinal="7" offset="48" sl="37" sc="17" el="37" ec="18" bec="0" bev="0" fileid="7" />
                <SequencePoint vc="0" uspid="143" ordinal="8" offset="49" sl="38" sc="21" el="38" ec="38" bec="0" bev="0" fileid="7" />
                <SequencePoint vc="0" uspid="144" ordinal="9" offset="60" sl="39" sc="21" el="39" ec="28" bec="0" bev="0" fileid="7" />
                <SequencePoint vc="19" uspid="145" ordinal="10" offset="62" sl="41" sc="17" el="41" ec="39" bec="2" bev="1" fileid="7">
                  <TrackedMethodRefs>
                    <TrackedMethodRef uid="15" vc="2" />
                    <TrackedMethodRef uid="2" vc="1" />
                    <TrackedMethodRef uid="12" vc="2" />
                  </TrackedMethodRefs>
                </SequencePoint>
                <SequencePoint vc="0" uspid="146" ordinal="11" offset="76" sl="42" sc="17" el="42" ec="18" bec="0" bev="0" fileid="7" />
                <SequencePoint vc="0" uspid="147" ordinal="12" offset="77" sl="43" sc="21" el="43" ec="38" bec="0" bev="0" fileid="7" />
                <SequencePoint vc="0" uspid="148" ordinal="13" offset="88" sl="44" sc="21" el="44" ec="28" bec="0" bev="0" fileid="7" />
                <SequencePoint vc="19" uspid="149" ordinal="14" offset="90" sl="46" sc="17" el="46" ec="52" bec="2" bev="1" fileid="7">
                  <TrackedMethodRefs>
                    <TrackedMethodRef uid="15" vc="2" />
                    <TrackedMethodRef uid="2" vc="1" />
                    <TrackedMethodRef uid="12" vc="2" />
                  </TrackedMethodRefs>
                </SequencePoint>
                <SequencePoint vc="0" uspid="150" ordinal="15" offset="106" sl="47" sc="17" el="47" ec="18" bec="0" bev="0" fileid="7" />
                <SequencePoint vc="0" uspid="151" ordinal="16" offset="107" sl="48" sc="21" el="48" ec="38" bec="0" bev="0" fileid="7" />
                <SequencePoint vc="0" uspid="152" ordinal="17" offset="118" sl="49" sc="21" el="49" ec="28" bec="0" bev="0" fileid="7" />
                <SequencePoint vc="19" uspid="153" ordinal="18" offset="120" sl="51" sc="18" el="51" ec="32" bec="0" bev="0" fileid="7">
                  <TrackedMethodRefs>
                    <TrackedMethodRef uid="15" vc="2" />
                    <TrackedMethodRef uid="2" vc="1" />
                    <TrackedMethodRef uid="12" vc="2" />
                  </TrackedMethodRefs>
                </SequencePoint>
                <SequencePoint vc="19" uspid="154" ordinal="19" offset="127" sl="52" sc="13" el="52" ec="14" bec="0" bev="0" fileid="7">
                  <TrackedMethodRefs>
                    <TrackedMethodRef uid="15" vc="2" />
                    <TrackedMethodRef uid="2" vc="1" />
                    <TrackedMethodRef uid="12" vc="2" />
                  </TrackedMethodRefs>
                </SequencePoint>
              </SequencePoints>
              <BranchPoints>
                <BranchPoint vc="0" uspid="155" ordinal="0" offset="13" sl="29" path="0" offsetend="15" fileid="7" />
                <BranchPoint vc="19" uspid="156" ordinal="1" offset="13" sl="29" path="1" offsetend="27" fileid="7">
                  <TrackedMethodRefs>
                    <TrackedMethodRef uid="15" vc="2" />
                    <TrackedMethodRef uid="2" vc="1" />
                    <TrackedMethodRef uid="12" vc="2" />
                  </TrackedMethodRefs>
                </BranchPoint>
                <BranchPoint vc="0" uspid="157" ordinal="2" offset="46" sl="36" path="0" offsetend="48" fileid="7" />
                <BranchPoint vc="19" uspid="158" ordinal="3" offset="46" sl="36" path="1" offsetend="62" fileid="7">
                  <TrackedMethodRefs>
                    <TrackedMethodRef uid="15" vc="2" />
                    <TrackedMethodRef uid="2" vc="1" />
                    <TrackedMethodRef uid="12" vc="2" />
                  </TrackedMethodRefs>
                </BranchPoint>
                <BranchPoint vc="0" uspid="159" ordinal="4" offset="74" sl="41" path="0" offsetend="76" fileid="7" />
                <BranchPoint vc="19" uspid="160" ordinal="5" offset="74" sl="41" path="1" offsetend="90" fileid="7">
                  <TrackedMethodRefs>
                    <TrackedMethodRef uid="15" vc="2" />
                    <TrackedMethodRef uid="2" vc="1" />
                    <TrackedMethodRef uid="12" vc="2" />
                  </TrackedMethodRefs>
                </BranchPoint>
                <BranchPoint vc="0" uspid="161" ordinal="6" offset="104" sl="46" path="0" offsetend="106" fileid="7" />
                <BranchPoint vc="19" uspid="162" ordinal="7" offset="104" sl="46" path="1" offsetend="120" fileid="7">
                  <TrackedMethodRefs>
                    <TrackedMethodRef uid="15" vc="2" />
                    <TrackedMethodRef uid="2" vc="1" />
                    <TrackedMethodRef uid="12" vc="2" />
                  </TrackedMethodRefs>
                </BranchPoint>
              </BranchPoints>
              <MethodPoint xsi:type="SequencePoint" vc="19" uspid="135" ordinal="0" offset="0" sl="26" sc="13" el="26" ec="14" bec="0" bev="0" fileid="7">
                <TrackedMethodRefs>
                  <TrackedMethodRef uid="15" vc="2" />
                  <TrackedMethodRef uid="2" vc="1" />
                  <TrackedMethodRef uid="12" vc="2" />
                </TrackedMethodRefs>
              </MethodPoint>
            </Method>
            <Method visited="true" cyclomaticComplexity="1" nPathComplexity="0" sequenceCoverage="100" branchCoverage="100" crapScore="1" isConstructor="false" isStatic="false" isGetter="true" isSetter="false">
              <Summary numSequencePoints="3" visitedSequencePoints="3" numBranchPoints="1" visitedBranchPoints="1" sequenceCoverage="100" branchCoverage="100" maxCyclomaticComplexity="1" minCyclomaticComplexity="1" maxCrapScore="1" minCrapScore="1" visitedClasses="0" numClasses="0" visitedMethods="1" numMethods="1" />
              <MetadataToken>100663299</MetadataToken>
              <Name>System.String NoteApp.Note::get_Content()</Name>
[...]
              <MetadataToken>100663309</MetadataToken>
              <Name>System.Collections.Generic.List`1&lt;NoteApp.Note&gt; NoteApp.ProjectData::get_Notes()</Name>
              <FileRef uid="8" />
              <SequencePoints>
                <SequencePoint vc="19" uspid="203" ordinal="0" offset="0" sl="14" sc="17" el="14" ec="18" bec="0" bev="0" fileid="8">
                  <TrackedMethodRefs>
                    <TrackedMethodRef uid="15" vc="2" />
                    <TrackedMethodRef uid="12" vc="6" />
                    <TrackedMethodRef uid="14" vc="3" />
                    <TrackedMethodRef uid="13" vc="3" />
                    <TrackedMethodRef uid="11" vc="1" />
                  </TrackedMethodRefs>
                </SequencePoint>
                <SequencePoint vc="19" uspid="204" ordinal="1" offset="1" sl="14" sc="19" el="14" ec="33" bec="0" bev="0" fileid="8">
                  <TrackedMethodRefs>
                    <TrackedMethodRef uid="15" vc="2" />
                    <TrackedMethodRef uid="12" vc="6" />
                    <TrackedMethodRef uid="14" vc="3" />
                    <TrackedMethodRef uid="13" vc="3" />
                    <TrackedMethodRef uid="11" vc="1" />
                  </TrackedMethodRefs>
                </SequencePoint>
                <SequencePoint vc="19" uspid="205" ordinal="2" offset="10" sl="14" sc="34" el="14" ec="35" bec="0" bev="0" fileid="8">
                  <TrackedMethodRefs>
                    <TrackedMethodRef uid="15" vc="2" />
                    <TrackedMethodRef uid="12" vc="6" />
                    <TrackedMethodRef uid="14" vc="3" />
                    <TrackedMethodRef uid="13" vc="3" />
                    <TrackedMethodRef uid="11" vc="1" />
                  </TrackedMethodRefs>
                </SequencePoint>
              </SequencePoints>
              <BranchPoints />
              <MethodPoint xsi:type="SequencePoint" vc="19" uspid="203" ordinal="0" offset="0" sl="14" sc="17" el="14" ec="18" bec="0" bev="0" fileid="8">
                <TrackedMethodRefs>
                  <TrackedMethodRef uid="15" vc="2" />
                  <TrackedMethodRef uid="12" vc="6" />
                  <TrackedMethodRef uid="14" vc="3" />
                  <TrackedMethodRef uid="13" vc="3" />
                  <TrackedMethodRef uid="11" vc="1" />
                </TrackedMethodRefs>
              </MethodPoint>
            </Method>
            <Method skippedDueTo="AutoImplementedProperty" visited="false" cyclomaticComplexity="1" nPathComplexity="0" sequenceCoverage="0" branchCoverage="0" crapScore="0" isConstructor="false" isStatic="false" isGetter="true" isSetter="false">
              <MetadataToken>100663310</MetadataToken>
              <Name>NoteApp.Note NoteApp.ProjectData::get_CurrentNote()</Name>
              <FileRef uid="8" />
              <SequencePoints />
              <BranchPoints />
            </Method>
            <Method skippedDueTo="AutoImplementedProperty" visited="false" cyclomaticComplexity="1" nPathComplexity="0" sequenceCoverage="0" branchCoverage="0" crapScore="0" isConstructor="false" isStatic="false" isGetter="false" isSetter="true">
              <MetadataToken>100663311</MetadataToken>
              <Name>System.Void NoteApp.ProjectData::set_CurrentNote(NoteApp.Note)</Name>
              <FileRef uid="8" />
              <SequencePoints />
              <BranchPoints />
            </Method>
            <Method visited="true" cyclomaticComplexity="1" nPathComplexity="0" sequenceCoverage="100" branchCoverage="100" crapScore="1" isConstructor="true" isStatic="false" isGetter="false" isSetter="false">
              <Summary numSequencePoints="1" visitedSequencePoints="1" numBranchPoints="1" visitedBranchPoints="1" sequenceCoverage="100" branchCoverage="100" maxCyclomaticComplexity="1" minCyclomaticComplexity="1" maxCrapScore="1" minCrapScore="1" visitedClasses="0" numClasses="0" visitedMethods="1" numMethods="1" />
              <MetadataToken>100663312</MetadataToken>
              <Name>System.Void NoteApp.ProjectData::.ctor()</Name>
              <FileRef uid="8" />
              <SequencePoints>
                <SequencePoint vc="11" uspid="206" ordinal="0" offset="0" sl="10" sc="9" el="10" ec="54" bec="0" bev="0" fileid="8">
                  <TrackedMethodRefs>
                    <TrackedMethodRef uid="15" vc="1" />
                    <TrackedMethodRef uid="12" vc="2" />
                    <TrackedMethodRef uid="14" vc="2" />
                    <TrackedMethodRef uid="13" vc="2" />
                  </TrackedMethodRefs>
                </SequencePoint>
              </SequencePoints>
              <BranchPoints />
              <MethodPoint xsi:type="SequencePoint" vc="11" uspid="206" ordinal="0" offset="0" sl="10" sc="9" el="10" ec="54" bec="0" bev="0" fileid="8">
                <TrackedMethodRefs>
                  <TrackedMethodRef uid="15" vc="1" />
                  <TrackedMethodRef uid="12" vc="2" />
                  <TrackedMethodRef uid="14" vc="2" />
                  <TrackedMethodRef uid="13" vc="2" />
                </TrackedMethodRefs>
              </MethodPoint>
            </Method>
          </Methods>
        </Class>
        <Class>
          <Summary numSequencePoints="32" visitedSequencePoints="23" numBranchPoints="3" visitedBranchPoints="3" sequenceCoverage="71.88" branchCoverage="100" maxCyclomaticComplexity="4" minCyclomaticComplexity="1" maxCrapScore="4.84" minCrapScore="1" visitedClasses="1" numClasses="1" visitedMethods="3" numMethods="3" />
          <FullName>NoteApp.ProjectDataManager</FullName>
          <Methods>
            <Method visited="true" cyclomaticComplexity="2" nPathComplexity="0" sequenceCoverage="100" branchCoverage="100" crapScore="2" isConstructor="false" isStatic="true" isGetter="false" isSetter="false">
              <Summary numSequencePoints="7" visitedSequencePoints="7" numBranchPoints="1" visitedBranchPoints="1" sequenceCoverage="100" branchCoverage="100" maxCyclomaticComplexity="2" minCyclomaticComplexity="2" maxCrapScore="2" minCrapScore="2" visitedClasses="0" numClasses="0" visitedMethods="1" numMethods="1" />
              <MetadataToken>100663313</MetadataToken>
              <Name>System.Void NoteApp.ProjectDataManager::SaveToFile(NoteApp.ProjectData)</Name>
              <FileRef uid="9" />
              <SequencePoints>
                <SequencePoint vc="4" uspid="207" ordinal="0" offset="0" sl="22" sc="9" el="22" ec="10" bec="0" bev="0" fileid="9">
                  <TrackedMethodRefs>
                    <TrackedMethodRef uid="12" vc="1" />
                    <TrackedMethodRef uid="14" vc="1" />
                    <TrackedMethodRef uid="13" vc="1" />
                    <TrackedMethodRef uid="11" vc="1" />
                  </TrackedMethodRefs>
                </SequencePoint>
                <SequencePoint vc="4" uspid="208" ordinal="1" offset="1" sl="23" sc="20" el="23" ec="68" bec="0" bev="0" fileid="9">
                  <TrackedMethodRefs>
                    <TrackedMethodRef uid="12" vc="1" />
                    <TrackedMethodRef uid="14" vc="1" />
                    <TrackedMethodRef uid="13" vc="1" />
                    <TrackedMethodRef uid="11" vc="1" />
                  </TrackedMethodRefs>
                </SequencePoint>
                <SequencePoint vc="4" uspid="209" ordinal="2" offset="12" sl="24" sc="13" el="24" ec="14" bec="0" bev="0" fileid="9">
                  <TrackedMethodRefs>
                    <TrackedMethodRef uid="12" vc="1" />
                    <TrackedMethodRef uid="14" vc="1" />
                    <TrackedMethodRef uid="13" vc="1" />
                    <TrackedMethodRef uid="11" vc="1" />
                  </TrackedMethodRefs>
                </SequencePoint>
                <SequencePoint vc="4" uspid="210" ordinal="3" offset="13" sl="25" sc="17" el="25" ec="66" bec="0" bev="0" fileid="9">
                  <TrackedMethodRefs>
                    <TrackedMethodRef uid="12" vc="1" />
                    <TrackedMethodRef uid="14" vc="1" />
                    <TrackedMethodRef uid="13" vc="1" />
                    <TrackedMethodRef uid="11" vc="1" />
                  </TrackedMethodRefs>
                </SequencePoint>
                <SequencePoint vc="4" uspid="211" ordinal="4" offset="19" sl="26" sc="17" el="26" ec="50" bec="0" bev="0" fileid="9">
                  <TrackedMethodRefs>
                    <TrackedMethodRef uid="12" vc="1" />
                    <TrackedMethodRef uid="14" vc="1" />
                    <TrackedMethodRef uid="13" vc="1" />
                    <TrackedMethodRef uid="11" vc="1" />
                  </TrackedMethodRefs>
                </SequencePoint>
                <SequencePoint vc="4" uspid="212" ordinal="5" offset="28" sl="27" sc="13" el="27" ec="14" bec="0" bev="0" fileid="9">
                  <TrackedMethodRefs>
                    <TrackedMethodRef uid="12" vc="1" />
                    <TrackedMethodRef uid="14" vc="1" />
                    <TrackedMethodRef uid="13" vc="1" />
                    <TrackedMethodRef uid="11" vc="1" />
                  </TrackedMethodRefs>
                </SequencePoint>
                <SequencePoint vc="4" uspid="213" ordinal="6" offset="42" sl="28" sc="9" el="28" ec="10" bec="0" bev="0" fileid="9">
                  <TrackedMethodRefs>
                    <TrackedMethodRef uid="12" vc="1" />
                    <TrackedMethodRef uid="14" vc="1" />
                    <TrackedMethodRef uid="13" vc="1" />
                    <TrackedMethodRef uid="11" vc="1" />
                  </TrackedMethodRefs>
                </SequencePoint>
              </SequencePoints>
              <BranchPoints />
              <MethodPoint xsi:type="SequencePoint" vc="4" uspid="207" ordinal="0" offset="0" sl="22" sc="9" el="22" ec="10" bec="0" bev="0" fileid="9">
                <TrackedMethodRefs>
                  <TrackedMethodRef uid="12" vc="1" />
                  <TrackedMethodRef uid="14" vc="1" />
                  <TrackedMethodRef uid="13" vc="1" />
                  <TrackedMethodRef uid="11" vc="1" />
                </TrackedMethodRefs>
              </MethodPoint>
            </Method>
            <Method visited="true" cyclomaticComplexity="4" nPathComplexity="0" sequenceCoverage="62.5" branchCoverage="100" crapScore="4.84" isConstructor="false" isStatic="true" isGetter="false" isSetter="false">
              <Summary numSequencePoints="24" visitedSequencePoints="15" numBranchPoints="1" visitedBranchPoints="1" sequenceCoverage="62.5" branchCoverage="100" maxCyclomaticComplexity="4" minCyclomaticComplexity="4" maxCrapScore="4.84" minCrapScore="4.84" visitedClasses="0" numClasses="0" visitedMethods="1" numMethods="1" />
              <MetadataToken>100663314</MetadataToken>
              <Name>NoteApp.ProjectData NoteApp.ProjectDataManager::LoadFromFile()</Name>
              <FileRef uid="9" />
              <SequencePoints>
                <SequencePoint vc="3" uspid="214" ordinal="0" offset="0" sl="35" sc="9" el="35" ec="10" bec="0" bev="0" fileid="9">
                  <TrackedMethodRefs>
                    <TrackedMethodRef uid="12" vc="1" />
                    <TrackedMethodRef uid="14" vc="1" />
                    <TrackedMethodRef uid="13" vc="1" />
                  </TrackedMethodRefs>
                </SequencePoint>
                <SequencePoint vc="3" uspid="215" ordinal="1" offset="1" sl="37" sc="13" el="37" ec="14" bec="0" bev="0" fileid="9">
                  <TrackedMethodRefs>
                    <TrackedMethodRef uid="12" vc="1" />
                    <TrackedMethodRef uid="14" vc="1" />
                    <TrackedMethodRef uid="13" vc="1" />
                  </TrackedMethodRefs>
                </SequencePoint>
                <SequencePoint vc="3" uspid="216" ordinal="2" offset="2" sl="38" sc="24" el="38" ec="70" bec="0" bev="0" fileid="9">
                  <TrackedMethodRefs>
                    <TrackedMethodRef uid="12" vc="1" />
                    <TrackedMethodRef uid="14" vc="1" />
                    <TrackedMethodRef uid="13" vc="1" />
                  </TrackedMethodRefs>
                </SequencePoint>
                <SequencePoint vc="1" uspid="217" ordinal="3" offset="13" sl="39" sc="17" el="39" ec="18" bec="0" bev="0" fileid="9">
                  <TrackedMethodRefs>
                    <TrackedMethodRef uid="12" vc="1" />
                  </TrackedMethodRefs>
                </SequencePoint>
                <SequencePoint vc="1" uspid="218" ordinal="4" offset="14" sl="40" sc="21" el="40" ec="70" bec="0" bev="0" fileid="9">
                  <TrackedMethodRefs>
                    <TrackedMethodRef uid="12" vc="1" />
                  </TrackedMethodRefs>
                </SequencePoint>
                <SequencePoint vc="1" uspid="219" ordinal="5" offset="20" sl="41" sc="21" el="41" ec="91" bec="0" bev="0" fileid="9">
                  <TrackedMethodRefs>
                    <TrackedMethodRef uid="12" vc="1" />
                  </TrackedMethodRefs>
                </SequencePoint>
                <SequencePoint vc="2" uspid="220" ordinal="6" offset="59" sl="44" sc="13" el="44" ec="42" bec="0" bev="0" fileid="9">
                  <TrackedMethodRefs>
                    <TrackedMethodRef uid="14" vc="1" />
                    <TrackedMethodRef uid="13" vc="1" />
                  </TrackedMethodRefs>
                </SequencePoint>
                <SequencePoint vc="2" uspid="221" ordinal="7" offset="60" sl="45" sc="13" el="45" ec="14" bec="0" bev="0" fileid="9">
                  <TrackedMethodRefs>
                    <TrackedMethodRef uid="14" vc="1" />
                    <TrackedMethodRef uid="13" vc="1" />
                  </TrackedMethodRefs>
                </SequencePoint>
                <SequencePoint vc="2" uspid="222" ordinal="8" offset="61" sl="46" sc="17" el="46" ec="61" bec="0" bev="0" fileid="9">
                  <TrackedMethodRefs>
                    <TrackedMethodRef uid="14" vc="1" />
                    <TrackedMethodRef uid="13" vc="1" />
                  </TrackedMethodRefs>
                </SequencePoint>
                <SequencePoint vc="2" uspid="223" ordinal="9" offset="67" sl="47" sc="17" el="47" ec="60" bec="0" bev="0" fileid="9">
                  <TrackedMethodRefs>
                    <TrackedMethodRef uid="14" vc="1" />
                    <TrackedMethodRef uid="13" vc="1" />
                  </TrackedMethodRefs>
                </SequencePoint>
                <SequencePoint vc="2" uspid="224" ordinal="10" offset="74" sl="49" sc="24" el="49" ec="70" bec="0" bev="0" fileid="9">
                  <TrackedMethodRefs>
                    <TrackedMethodRef uid="14" vc="1" />
                    <TrackedMethodRef uid="13" vc="1" />
                  </TrackedMethodRefs>
                </SequencePoint>
                <SequencePoint vc="2" uspid="225" ordinal="11" offset="86" sl="50" sc="17" el="50" ec="18" bec="0" bev="0" fileid="9">
                  <TrackedMethodRefs>
                    <TrackedMethodRef uid="14" vc="1" />
                    <TrackedMethodRef uid="13" vc="1" />
                  </TrackedMethodRefs>
                </SequencePoint>
                <SequencePoint vc="2" uspid="226" ordinal="12" offset="87" sl="51" sc="21" el="51" ec="70" bec="0" bev="0" fileid="9">
                  <TrackedMethodRefs>
                    <TrackedMethodRef uid="14" vc="1" />
                    <TrackedMethodRef uid="13" vc="1" />
                  </TrackedMethodRefs>
                </SequencePoint>
                <SequencePoint vc="2" uspid="227" ordinal="13" offset="94" sl="52" sc="21" el="52" ec="91" bec="0" bev="0" fileid="9">
                  <TrackedMethodRefs>
                    <TrackedMethodRef uid="14" vc="1" />
                    <TrackedMethodRef uid="13" vc="1" />
                  </TrackedMethodRefs>
                </SequencePoint>
                <SequencePoint vc="0" uspid="228" ordinal="14" offset="134" sl="55" sc="13" el="55" ec="47" bec="0" bev="0" fileid="9" />
                <SequencePoint vc="0" uspid="229" ordinal="15" offset="135" sl="56" sc="13" el="56" ec="14" bec="0" bev="0" fileid="9" />
                <SequencePoint vc="0" uspid="230" ordinal="16" offset="136" sl="57" sc="17" el="57" ec="134" bec="0" bev="0" fileid="9" />
                <SequencePoint vc="0" uspid="231" ordinal="17" offset="159" sl="59" sc="17" el="59" ec="61" bec="0" bev="0" fileid="9" />
                <SequencePoint vc="0" uspid="232" ordinal="18" offset="166" sl="60" sc="17" el="60" ec="60" bec="0" bev="0" fileid="9" />
                <SequencePoint vc="0" uspid="233" ordinal="19" offset="174" sl="62" sc="24" el="62" ec="70" bec="0" bev="0" fileid="9" />
                <SequencePoint vc="0" uspid="234" ordinal="20" offset="186" sl="63" sc="17" el="63" ec="18" bec="0" bev="0" fileid="9" />
                <SequencePoint vc="0" uspid="235" ordinal="21" offset="187" sl="64" sc="21" el="64" ec="70" bec="0" bev="0" fileid="9" />
                <SequencePoint vc="0" uspid="236" ordinal="22" offset="194" sl="65" sc="21" el="65" ec="91" bec="0" bev="0" fileid="9" />
                <SequencePoint vc="3" uspid="237" ordinal="23" offset="234" sl="68" sc="9" el="68" ec="10" bec="0" bev="0" fileid="9">
                  <TrackedMethodRefs>
                    <TrackedMethodRef uid="12" vc="1" />
                    <TrackedMethodRef uid="14" vc="1" />
                    <TrackedMethodRef uid="13" vc="1" />
                  </TrackedMethodRefs>
                </SequencePoint>
              </SequencePoints>
              <BranchPoints />
              <MethodPoint xsi:type="SequencePoint" vc="3" uspid="214" ordinal="0" offset="0" sl="35" sc="9" el="35" ec="10" bec="0" bev="0" fileid="9">
                <TrackedMethodRefs>
                  <TrackedMethodRef uid="12" vc="1" />
                  <TrackedMethodRef uid="14" vc="1" />
                  <TrackedMethodRef uid="13" vc="1" />
                </TrackedMethodRefs>
              </MethodPoint>
            </Method>
            <Method visited="true" cyclomaticComplexity="1" nPathComplexity="0" sequenceCoverage="100" branchCoverage="100" crapScore="1" isConstructor="true" isStatic="true" isGetter="false" isSetter="false">
              <Summary numSequencePoints="1" visitedSequencePoints="1" numBranchPoints="1" visitedBranchPoints="1" sequenceCoverage="100" branchCoverage="100" maxCyclomaticComplexity="1" minCyclomaticComplexity="1" maxCrapScore="1" minCrapScore="1" visitedClasses="0" numClasses="0" visitedMethods="1" numMethods="1" />
              <MetadataToken>100663315</MetadataToken>
              <Name>System.Void NoteApp.ProjectDataManager::.cctor()</Name>
              <FileRef uid="9" />
              <SequencePoints>
                <SequencePoint vc="1" uspid="238" ordinal="0" offset="0" sl="15" sc="9" el="15" ec="159" bec="0" bev="0" fileid="9">
                  <TrackedMethodRefs>
                    <TrackedMethodRef uid="12" vc="1" />
                  </TrackedMethodRefs>
                </SequencePoint>
              </SequencePoints>
              <BranchPoints />
              <MethodPoint xsi:type="SequencePoint" vc="1" uspid="238" ordinal="0" offset="0" sl="15" sc="9" el="15" ec="159" bec="0" bev="0" fileid="9">
                <TrackedMethodRefs>
                  <TrackedMethodRef uid="12" vc="1" />
                </TrackedMethodRefs>
              </MethodPoint>
            </Method>
          </Methods>
        </Class>
      </Classes>
      <TrackedMethods />
    </Module>
  </Modules>
</CoverageSession>